This is pdfTeX, Version 3.141592653-2.6-1.40.24 (MiKTeX 22.1) (preloaded format=pdflatex 2025.7.4)  8 SEP 2025 17:51
entering extended mode
 restricted \write18 enabled.
 file:line:error style messages enabled.
 %&-line parsing enabled.
**"/Users/carmineamato/Desktop/Object Orientation/UninaFoodLab/Progetto Object 
Orientation/Documentazione/example.tex"

(/Users/carmineamato/Desktop/Object Orientation/UninaFoodLab/Progetto Object Or
ientation/Documentazione/example.tex
LaTeX2e <2025-06-01> patch level 1
L3 programming layer <2025-06-09>

(/Users/carmineamato/Library/Application Support/MiKTeX/texmfs/install/tex/late
x/base/book.cls
Document Class: book 2025/01/22 v1.4n Standard LaTeX document class

(/Users/carmineamato/Library/Application Support/MiKTeX/texmfs/install/tex/late
x/base/bk10.clo
File: bk10.clo 2025/01/22 v1.4n Standard LaTeX file (size option)
)
\c@part=\count275
\c@chapter=\count276
\c@section=\count277
\c@subsection=\count278
\c@subsubsection=\count279
\c@paragraph=\count280
\c@subparagraph=\count281
\c@figure=\count282
\c@table=\count283
\abovecaptionskip=\skip49
\belowcaptionskip=\skip50
\bibindent=\dimen148
)
(/Users/carmineamato/Library/Application Support/MiKTeX/texmfs/install/tex/late
x/geometry/geometry.sty
Package: geometry 2020/01/02 v5.9 Page Geometry

(/Users/carmineamato/Library/Application Support/MiKTeX/texmfs/install/tex/late
x/graphics/keyval.sty
Package: keyval 2022/05/29 v1.15 key=value parser (DPC)
\KV@toks@=\toks17
)
(/Users/carmineamato/Library/Application Support/MiKTeX/texmfs/install/tex/gene
ric/iftex/ifvtex.sty
Package: ifvtex 2019/10/25 v1.7 ifvtex legacy package. Use iftex instead.

(/Users/carmineamato/Library/Application Support/MiKTeX/texmfs/install/tex/gene
ric/iftex/iftex.sty
Package: iftex 2024/12/12 v1.0g TeX engine tests
))
\Gm@cnth=\count284
\Gm@cntv=\count285
\c@Gm@tempcnt=\count286
\Gm@bindingoffset=\dimen149
\Gm@wd@mp=\dimen150
\Gm@odd@mp=\dimen151
\Gm@even@mp=\dimen152
\Gm@layoutwidth=\dimen153
\Gm@layoutheight=\dimen154
\Gm@layouthoffset=\dimen155
\Gm@layoutvoffset=\dimen156
\Gm@dimlist=\toks18

(/Users/carmineamato/Library/Application Support/MiKTeX/texmfs/install/tex/late
x/geometry/geometry.cfg))
(/Users/carmineamato/Library/Application Support/MiKTeX/texmfs/install/tex/late
x/base/inputenc.sty
Package: inputenc 2024/02/08 v1.3d Input encoding file
\inpenc@prehook=\toks19
\inpenc@posthook=\toks20
)
(/Users/carmineamato/Library/Application Support/MiKTeX/texmfs/install/tex/late
x/base/fontenc.sty
Package: fontenc 2024/12/21 v2.1c Standard LaTeX package
)
(/Users/carmineamato/Library/Application Support/MiKTeX/texmfs/install/tex/gene
ric/babel/babel.sty
Package: babel 2025/05/14 v25.9 The multilingual framework for pdfLaTeX, LuaLaT
eX and XeLaTeX
\babel@savecnt=\count287
LaTeX Encoding Info:    Redeclaring text command \ij (encoding OT1) on input li
ne 2043.
LaTeX Encoding Info:    Redeclaring text command \IJ (encoding OT1) on input li
ne 2045.
LaTeX Encoding Info:    Redeclaring text command \ij (encoding T1) on input lin
e 2047.
LaTeX Encoding Info:    Redeclaring text command \IJ (encoding T1) on input lin
e 2048.
LaTeX Encoding Info:    Ignoring declaration for text command \ij (encoding ?) 
on input line 2049.
LaTeX Encoding Info:    Ignoring declaration for text command \IJ (encoding ?) 
on input line 2051.
LaTeX Encoding Info:    Ignoring declaration for text command \SS (encoding ?) 
on input line 2076.
\U@D=\dimen157
\l@unhyphenated=\language79

(/Users/carmineamato/Library/Application Support/MiKTeX/texmfs/install/tex/gene
ric/babel/txtbabel.def)
\bbl@readstream=\read2
\bbl@dirlevel=\count288

*************************************
* Local config file bblopts.cfg used
*

(/Users/carmineamato/Library/Application Support/MiKTeX/texmfs/install/tex/late
x/arabi/bblopts.cfg
File: bblopts.cfg 2005/09/08 v0.1 add Arabic and Farsi to "declared" options of
 babel
)
(/Users/carmineamato/Library/Application Support/MiKTeX/texmfs/install/tex/late
x/babel-italian/italian.ldf
Language: italian 2024/10/10 v.1.5.01 Italian support for the babel system

(/Users/carmineamato/Library/Application Support/MiKTeX/texmfs/install/tex/gene
ric/babel/locale/it/babel-italian.tex
Package babel Info: Importing font and identification data for italian
(babel)             from babel-it.ini. Reported on input line 11.
)
\it@lettering=\count289
\it@doublequoteactive=\count290
\it@ISOcompliance=\count291
))
(/Users/carmineamato/Library/Application Support/MiKTeX/texmfs/install/tex/late
x/etoolbox/etoolbox.sty
Package: etoolbox 2025/02/11 v2.5l e-TeX tools for LaTeX (JAW)
\etb@tempcnta=\count292
)
(/Users/carmineamato/Library/Application Support/MiKTeX/texmfs/install/tex/late
x/graphics/graphicx.sty
Package: graphicx 2024/12/31 v1.2e Enhanced LaTeX Graphics (DPC,SPQR)

(/Users/carmineamato/Library/Application Support/MiKTeX/texmfs/install/tex/late
x/graphics/graphics.sty
Package: graphics 2024/08/06 v1.4g Standard LaTeX Graphics (DPC,SPQR)

(/Users/carmineamato/Library/Application Support/MiKTeX/texmfs/install/tex/late
x/graphics/trig.sty
Package: trig 2023/12/02 v1.11 sin cos tan (DPC)
)
(/Users/carmineamato/Library/Application Support/MiKTeX/texmfs/install/tex/late
x/graphics-cfg/graphics.cfg
File: graphics.cfg 2016/06/04 v1.11 sample graphics configuration
)
Package graphics Info: Driver file: pdftex.def on input line 106.

(/Users/carmineamato/Library/Application Support/MiKTeX/texmfs/install/tex/late
x/graphics-def/pdftex.def
File: pdftex.def 2024/04/13 v1.2c Graphics/color driver for pdftex
))
\Gin@req@height=\dimen158
\Gin@req@width=\dimen159
)
(/Users/carmineamato/Library/Application Support/MiKTeX/texmfs/install/tex/late
x/listings/listings.sty
\lst@mode=\count293
\lst@gtempboxa=\box53
\lst@token=\toks21
\lst@length=\count294
\lst@currlwidth=\dimen160
\lst@column=\count295
\lst@pos=\count296
\lst@lostspace=\dimen161
\lst@width=\dimen162
\lst@newlines=\count297
\lst@lineno=\count298
\lst@maxwidth=\dimen163

(/Users/carmineamato/Library/Application Support/MiKTeX/texmfs/install/tex/late
x/listings/lstpatch.sty
File: lstpatch.sty 2024/09/23 1.10c (Carsten Heinz)
)
(/Users/carmineamato/Library/Application Support/MiKTeX/texmfs/install/tex/late
x/listings/lstmisc.sty
File: lstmisc.sty 2024/09/23 1.10c (Carsten Heinz)
\c@lstnumber=\count299
\lst@skipnumbers=\count300
\lst@framebox=\box54
)
(/Users/carmineamato/Library/Application Support/MiKTeX/texmfs/install/tex/late
x/listings/listings.cfg
File: listings.cfg 2024/09/23 1.10c listings configuration
))
Package: listings 2024/09/23 1.10c (Carsten Heinz)

(/Users/carmineamato/Library/Application Support/MiKTeX/texmfs/install/tex/late
x/xcolor/xcolor.sty
Package: xcolor 2024/09/29 v3.02 LaTeX color extensions (UK)

(/Users/carmineamato/Library/Application Support/MiKTeX/texmfs/install/tex/late
x/graphics-cfg/color.cfg
File: color.cfg 2016/01/02 v1.6 sample color configuration
)
Package xcolor Info: Driver file: pdftex.def on input line 274.

(/Users/carmineamato/Library/Application Support/MiKTeX/texmfs/install/tex/late
x/graphics/mathcolor.ltx)
Package xcolor Info: Model `cmy' substituted by `cmy0' on input line 1349.
Package xcolor Info: Model `hsb' substituted by `rgb' on input line 1353.
Package xcolor Info: Model `RGB' extended on input line 1365.
Package xcolor Info: Model `HTML' substituted by `rgb' on input line 1367.
Package xcolor Info: Model `Hsb' substituted by `hsb' on input line 1368.
Package xcolor Info: Model `tHsb' substituted by `hsb' on input line 1369.
Package xcolor Info: Model `HSB' substituted by `hsb' on input line 1370.
Package xcolor Info: Model `Gray' substituted by `gray' on input line 1371.
Package xcolor Info: Model `wave' substituted by `hsb' on input line 1372.
) (uninafrontespizio.sty
Package: uninafrontespizio 2018/07/24 UniNA Frontespizio Package

(/Users/carmineamato/Library/Application Support/MiKTeX/texmfs/install/tex/late
x/setspace/setspace.sty
Package: setspace 2022/12/04 v6.7b set line spacing
)
(/Users/carmineamato/Library/Application Support/MiKTeX/texmfs/install/tex/late
x/pgf/frontendlayer/tikz.sty
(/Users/carmineamato/Library/Application Support/MiKTeX/texmfs/install/tex/late
x/pgf/basiclayer/pgf.sty
(/Users/carmineamato/Library/Application Support/MiKTeX/texmfs/install/tex/late
x/pgf/utilities/pgfrcs.sty
(/Users/carmineamato/Library/Application Support/MiKTeX/texmfs/install/tex/gene
ric/pgf/utilities/pgfutil-common.tex
\pgfutil@everybye=\toks22
\pgfutil@tempdima=\dimen164
\pgfutil@tempdimb=\dimen165
)
(/Users/carmineamato/Library/Application Support/MiKTeX/texmfs/install/tex/gene
ric/pgf/utilities/pgfutil-latex.def
\pgfutil@abb=\box55
)
(/Users/carmineamato/Library/Application Support/MiKTeX/texmfs/install/tex/gene
ric/pgf/utilities/pgfrcs.code.tex
(/Users/carmineamato/Library/Application Support/MiKTeX/texmfs/install/tex/gene
ric/pgf/pgf.revision.tex)
Package: pgfrcs 2023-01-15 v3.1.10 (3.1.10)
))
Package: pgf 2023-01-15 v3.1.10 (3.1.10)

(/Users/carmineamato/Library/Application Support/MiKTeX/texmfs/install/tex/late
x/pgf/basiclayer/pgfcore.sty
(/Users/carmineamato/Library/Application Support/MiKTeX/texmfs/install/tex/late
x/pgf/systemlayer/pgfsys.sty
(/Users/carmineamato/Library/Application Support/MiKTeX/texmfs/install/tex/gene
ric/pgf/systemlayer/pgfsys.code.tex
Package: pgfsys 2023-01-15 v3.1.10 (3.1.10)

(/Users/carmineamato/Library/Application Support/MiKTeX/texmfs/install/tex/gene
ric/pgf/utilities/pgfkeys.code.tex
\pgfkeys@pathtoks=\toks23
\pgfkeys@temptoks=\toks24

(/Users/carmineamato/Library/Application Support/MiKTeX/texmfs/install/tex/gene
ric/pgf/utilities/pgfkeyslibraryfiltered.code.tex
\pgfkeys@tmptoks=\toks25
))
\pgf@x=\dimen166
\pgf@y=\dimen167
\pgf@xa=\dimen168
\pgf@ya=\dimen169
\pgf@xb=\dimen170
\pgf@yb=\dimen171
\pgf@xc=\dimen172
\pgf@yc=\dimen173
\pgf@xd=\dimen174
\pgf@yd=\dimen175
\w@pgf@writea=\write3
\r@pgf@reada=\read3
\c@pgf@counta=\count301
\c@pgf@countb=\count302
\c@pgf@countc=\count303
\c@pgf@countd=\count304
\t@pgf@toka=\toks26
\t@pgf@tokb=\toks27
\t@pgf@tokc=\toks28
\pgf@sys@id@count=\count305

(/Users/carmineamato/Library/Application Support/MiKTeX/texmfs/install/tex/gene
ric/pgf/systemlayer/pgf.cfg
File: pgf.cfg 2023-01-15 v3.1.10 (3.1.10)
)
Driver file for pgf: pgfsys-pdftex.def

(/Users/carmineamato/Library/Application Support/MiKTeX/texmfs/install/tex/gene
ric/pgf/systemlayer/pgfsys-pdftex.def
File: pgfsys-pdftex.def 2023-01-15 v3.1.10 (3.1.10)

(/Users/carmineamato/Library/Application Support/MiKTeX/texmfs/install/tex/gene
ric/pgf/systemlayer/pgfsys-common-pdf.def
File: pgfsys-common-pdf.def 2023-01-15 v3.1.10 (3.1.10)
)))
(/Users/carmineamato/Library/Application Support/MiKTeX/texmfs/install/tex/gene
ric/pgf/systemlayer/pgfsyssoftpath.code.tex
File: pgfsyssoftpath.code.tex 2023-01-15 v3.1.10 (3.1.10)
\pgfsyssoftpath@smallbuffer@items=\count306
\pgfsyssoftpath@bigbuffer@items=\count307
)
(/Users/carmineamato/Library/Application Support/MiKTeX/texmfs/install/tex/gene
ric/pgf/systemlayer/pgfsysprotocol.code.tex
File: pgfsysprotocol.code.tex 2023-01-15 v3.1.10 (3.1.10)
))
(/Users/carmineamato/Library/Application Support/MiKTeX/texmfs/install/tex/gene
ric/pgf/basiclayer/pgfcore.code.tex
Package: pgfcore 2023-01-15 v3.1.10 (3.1.10)

(/Users/carmineamato/Library/Application Support/MiKTeX/texmfs/install/tex/gene
ric/pgf/math/pgfmath.code.tex
(/Users/carmineamato/Library/Application Support/MiKTeX/texmfs/install/tex/gene
ric/pgf/math/pgfmathutil.code.tex)
(/Users/carmineamato/Library/Application Support/MiKTeX/texmfs/install/tex/gene
ric/pgf/math/pgfmathparser.code.tex
\pgfmath@dimen=\dimen176
\pgfmath@count=\count308
\pgfmath@box=\box56
\pgfmath@toks=\toks29
\pgfmath@stack@operand=\toks30
\pgfmath@stack@operation=\toks31
)
(/Users/carmineamato/Library/Application Support/MiKTeX/texmfs/install/tex/gene
ric/pgf/math/pgfmathfunctions.code.tex)
(/Users/carmineamato/Library/Application Support/MiKTeX/texmfs/install/tex/gene
ric/pgf/math/pgfmathfunctions.basic.code.tex)
(/Users/carmineamato/Library/Application Support/MiKTeX/texmfs/install/tex/gene
ric/pgf/math/pgfmathfunctions.trigonometric.code.tex)
(/Users/carmineamato/Library/Application Support/MiKTeX/texmfs/install/tex/gene
ric/pgf/math/pgfmathfunctions.random.code.tex)
(/Users/carmineamato/Library/Application Support/MiKTeX/texmfs/install/tex/gene
ric/pgf/math/pgfmathfunctions.comparison.code.tex)
(/Users/carmineamato/Library/Application Support/MiKTeX/texmfs/install/tex/gene
ric/pgf/math/pgfmathfunctions.base.code.tex)
(/Users/carmineamato/Library/Application Support/MiKTeX/texmfs/install/tex/gene
ric/pgf/math/pgfmathfunctions.round.code.tex)
(/Users/carmineamato/Library/Application Support/MiKTeX/texmfs/install/tex/gene
ric/pgf/math/pgfmathfunctions.misc.code.tex)
(/Users/carmineamato/Library/Application Support/MiKTeX/texmfs/install/tex/gene
ric/pgf/math/pgfmathfunctions.integerarithmetics.code.tex)
(/Users/carmineamato/Library/Application Support/MiKTeX/texmfs/install/tex/gene
ric/pgf/math/pgfmathcalc.code.tex)
(/Users/carmineamato/Library/Application Support/MiKTeX/texmfs/install/tex/gene
ric/pgf/math/pgfmathfloat.code.tex
\c@pgfmathroundto@lastzeros=\count309
))
(/Users/carmineamato/Library/Application Support/MiKTeX/texmfs/install/tex/gene
ric/pgf/math/pgfint.code.tex)
(/Users/carmineamato/Library/Application Support/MiKTeX/texmfs/install/tex/gene
ric/pgf/basiclayer/pgfcorepoints.code.tex
File: pgfcorepoints.code.tex 2023-01-15 v3.1.10 (3.1.10)
\pgf@picminx=\dimen177
\pgf@picmaxx=\dimen178
\pgf@picminy=\dimen179
\pgf@picmaxy=\dimen180
\pgf@pathminx=\dimen181
\pgf@pathmaxx=\dimen182
\pgf@pathminy=\dimen183
\pgf@pathmaxy=\dimen184
\pgf@xx=\dimen185
\pgf@xy=\dimen186
\pgf@yx=\dimen187
\pgf@yy=\dimen188
\pgf@zx=\dimen189
\pgf@zy=\dimen190
)
(/Users/carmineamato/Library/Application Support/MiKTeX/texmfs/install/tex/gene
ric/pgf/basiclayer/pgfcorepathconstruct.code.tex
File: pgfcorepathconstruct.code.tex 2023-01-15 v3.1.10 (3.1.10)
\pgf@path@lastx=\dimen191
\pgf@path@lasty=\dimen192
)
(/Users/carmineamato/Library/Application Support/MiKTeX/texmfs/install/tex/gene
ric/pgf/basiclayer/pgfcorepathusage.code.tex
File: pgfcorepathusage.code.tex 2023-01-15 v3.1.10 (3.1.10)
\pgf@shorten@end@additional=\dimen193
\pgf@shorten@start@additional=\dimen194
)
(/Users/carmineamato/Library/Application Support/MiKTeX/texmfs/install/tex/gene
ric/pgf/basiclayer/pgfcorescopes.code.tex
File: pgfcorescopes.code.tex 2023-01-15 v3.1.10 (3.1.10)
\pgfpic=\box57
\pgf@hbox=\box58
\pgf@layerbox@main=\box59
\pgf@picture@serial@count=\count310
)
(/Users/carmineamato/Library/Application Support/MiKTeX/texmfs/install/tex/gene
ric/pgf/basiclayer/pgfcoregraphicstate.code.tex
File: pgfcoregraphicstate.code.tex 2023-01-15 v3.1.10 (3.1.10)
\pgflinewidth=\dimen195
)
(/Users/carmineamato/Library/Application Support/MiKTeX/texmfs/install/tex/gene
ric/pgf/basiclayer/pgfcoretransformations.code.tex
File: pgfcoretransformations.code.tex 2023-01-15 v3.1.10 (3.1.10)
\pgf@pt@x=\dimen196
\pgf@pt@y=\dimen197
\pgf@pt@temp=\dimen198
)
(/Users/carmineamato/Library/Application Support/MiKTeX/texmfs/install/tex/gene
ric/pgf/basiclayer/pgfcorequick.code.tex
File: pgfcorequick.code.tex 2023-01-15 v3.1.10 (3.1.10)
)
(/Users/carmineamato/Library/Application Support/MiKTeX/texmfs/install/tex/gene
ric/pgf/basiclayer/pgfcoreobjects.code.tex
File: pgfcoreobjects.code.tex 2023-01-15 v3.1.10 (3.1.10)
)
(/Users/carmineamato/Library/Application Support/MiKTeX/texmfs/install/tex/gene
ric/pgf/basiclayer/pgfcorepathprocessing.code.tex
File: pgfcorepathprocessing.code.tex 2023-01-15 v3.1.10 (3.1.10)
)
(/Users/carmineamato/Library/Application Support/MiKTeX/texmfs/install/tex/gene
ric/pgf/basiclayer/pgfcorearrows.code.tex
File: pgfcorearrows.code.tex 2023-01-15 v3.1.10 (3.1.10)
\pgfarrowsep=\dimen199
)
(/Users/carmineamato/Library/Application Support/MiKTeX/texmfs/install/tex/gene
ric/pgf/basiclayer/pgfcoreshade.code.tex
File: pgfcoreshade.code.tex 2023-01-15 v3.1.10 (3.1.10)
\pgf@max=\dimen256
\pgf@sys@shading@range@num=\count311
\pgf@shadingcount=\count312
)
(/Users/carmineamato/Library/Application Support/MiKTeX/texmfs/install/tex/gene
ric/pgf/basiclayer/pgfcoreimage.code.tex
File: pgfcoreimage.code.tex 2023-01-15 v3.1.10 (3.1.10)
)
(/Users/carmineamato/Library/Application Support/MiKTeX/texmfs/install/tex/gene
ric/pgf/basiclayer/pgfcoreexternal.code.tex
File: pgfcoreexternal.code.tex 2023-01-15 v3.1.10 (3.1.10)
\pgfexternal@startupbox=\box60
)
(/Users/carmineamato/Library/Application Support/MiKTeX/texmfs/install/tex/gene
ric/pgf/basiclayer/pgfcorelayers.code.tex
File: pgfcorelayers.code.tex 2023-01-15 v3.1.10 (3.1.10)
)
(/Users/carmineamato/Library/Application Support/MiKTeX/texmfs/install/tex/gene
ric/pgf/basiclayer/pgfcoretransparency.code.tex
File: pgfcoretransparency.code.tex 2023-01-15 v3.1.10 (3.1.10)
)
(/Users/carmineamato/Library/Application Support/MiKTeX/texmfs/install/tex/gene
ric/pgf/basiclayer/pgfcorepatterns.code.tex
File: pgfcorepatterns.code.tex 2023-01-15 v3.1.10 (3.1.10)
)
(/Users/carmineamato/Library/Application Support/MiKTeX/texmfs/install/tex/gene
ric/pgf/basiclayer/pgfcorerdf.code.tex
File: pgfcorerdf.code.tex 2023-01-15 v3.1.10 (3.1.10)
)))
(/Users/carmineamato/Library/Application Support/MiKTeX/texmfs/install/tex/gene
ric/pgf/modules/pgfmoduleshapes.code.tex
File: pgfmoduleshapes.code.tex 2023-01-15 v3.1.10 (3.1.10)
\pgfnodeparttextbox=\box61
)
(/Users/carmineamato/Library/Application Support/MiKTeX/texmfs/install/tex/gene
ric/pgf/modules/pgfmoduleplot.code.tex
File: pgfmoduleplot.code.tex 2023-01-15 v3.1.10 (3.1.10)
)
(/Users/carmineamato/Library/Application Support/MiKTeX/texmfs/install/tex/late
x/pgf/compatibility/pgfcomp-version-0-65.sty
Package: pgfcomp-version-0-65 2023-01-15 v3.1.10 (3.1.10)
\pgf@nodesepstart=\dimen257
\pgf@nodesepend=\dimen258
)
(/Users/carmineamato/Library/Application Support/MiKTeX/texmfs/install/tex/late
x/pgf/compatibility/pgfcomp-version-1-18.sty
Package: pgfcomp-version-1-18 2023-01-15 v3.1.10 (3.1.10)
))
(/Users/carmineamato/Library/Application Support/MiKTeX/texmfs/install/tex/late
x/pgf/utilities/pgffor.sty
(/Users/carmineamato/Library/Application Support/MiKTeX/texmfs/install/tex/late
x/pgf/utilities/pgfkeys.sty
(/Users/carmineamato/Library/Application Support/MiKTeX/texmfs/install/tex/gene
ric/pgf/utilities/pgfkeys.code.tex))
(/Users/carmineamato/Library/Application Support/MiKTeX/texmfs/install/tex/late
x/pgf/math/pgfmath.sty
(/Users/carmineamato/Library/Application Support/MiKTeX/texmfs/install/tex/gene
ric/pgf/math/pgfmath.code.tex))
(/Users/carmineamato/Library/Application Support/MiKTeX/texmfs/install/tex/gene
ric/pgf/utilities/pgffor.code.tex
Package: pgffor 2023-01-15 v3.1.10 (3.1.10)
\pgffor@iter=\dimen259
\pgffor@skip=\dimen260
\pgffor@stack=\toks32
\pgffor@toks=\toks33
))
(/Users/carmineamato/Library/Application Support/MiKTeX/texmfs/install/tex/gene
ric/pgf/frontendlayer/tikz/tikz.code.tex
Package: tikz 2023-01-15 v3.1.10 (3.1.10)

(/Users/carmineamato/Library/Application Support/MiKTeX/texmfs/install/tex/gene
ric/pgf/libraries/pgflibraryplothandlers.code.tex
File: pgflibraryplothandlers.code.tex 2023-01-15 v3.1.10 (3.1.10)
\pgf@plot@mark@count=\count313
\pgfplotmarksize=\dimen261
)
\tikz@lastx=\dimen262
\tikz@lasty=\dimen263
\tikz@lastxsaved=\dimen264
\tikz@lastysaved=\dimen265
\tikz@lastmovetox=\dimen266
\tikz@lastmovetoy=\dimen267
\tikzleveldistance=\dimen268
\tikzsiblingdistance=\dimen269
\tikz@figbox=\box62
\tikz@figbox@bg=\box63
\tikz@tempbox=\box64
\tikz@tempbox@bg=\box65
\tikztreelevel=\count314
\tikznumberofchildren=\count315
\tikznumberofcurrentchild=\count316
\tikz@fig@count=\count317

(/Users/carmineamato/Library/Application Support/MiKTeX/texmfs/install/tex/gene
ric/pgf/modules/pgfmodulematrix.code.tex
File: pgfmodulematrix.code.tex 2023-01-15 v3.1.10 (3.1.10)
\pgfmatrixcurrentrow=\count318
\pgfmatrixcurrentcolumn=\count319
\pgf@matrix@numberofcolumns=\count320
)
\tikz@expandcount=\count321

(/Users/carmineamato/Library/Application Support/MiKTeX/texmfs/install/tex/gene
ric/pgf/frontendlayer/tikz/libraries/tikzlibrarytopaths.code.tex
File: tikzlibrarytopaths.code.tex 2023-01-15 v3.1.10 (3.1.10)
)))
(/Users/carmineamato/Library/Application Support/MiKTeX/texmfs/install/tex/gene
ric/pgf/frontendlayer/tikz/libraries/tikzlibrarybackgrounds.code.tex
File: tikzlibrarybackgrounds.code.tex 2023-01-15 v3.1.10 (3.1.10)
\pgf@layerbox@background=\box66
\pgf@layerboxsaved@background=\box67
))
(/Users/carmineamato/Library/Application Support/MiKTeX/texmfs/install/tex/late
x/listings/lstlang1.sty
File: lstlang1.sty 2024/09/23 1.10c listings language file
)
(/Users/carmineamato/Library/Application Support/MiKTeX/texmfs/install/tex/late
x/l3backend/l3backend-pdftex.def
File: l3backend-pdftex.def 2025-06-09 L3 backend support: PDF output (pdfTeX)
\l__color_backend_stack_int=\count322
) (example.aux)
\openout1 = `example.aux'.

LaTeX Font Info:    Checking defaults for OML/cmm/m/it on input line 51.
LaTeX Font Info:    ... okay on input line 51.
LaTeX Font Info:    Checking defaults for OMS/cmsy/m/n on input line 51.
LaTeX Font Info:    ... okay on input line 51.
LaTeX Font Info:    Checking defaults for OT1/cmr/m/n on input line 51.
LaTeX Font Info:    ... okay on input line 51.
LaTeX Font Info:    Checking defaults for T1/cmr/m/n on input line 51.
LaTeX Font Info:    ... okay on input line 51.
LaTeX Font Info:    Checking defaults for TS1/cmr/m/n on input line 51.
LaTeX Font Info:    ... okay on input line 51.
LaTeX Font Info:    Checking defaults for OMX/cmex/m/n on input line 51.
LaTeX Font Info:    ... okay on input line 51.
LaTeX Font Info:    Checking defaults for U/cmr/m/n on input line 51.
LaTeX Font Info:    ... okay on input line 51.

*geometry* driver: auto-detecting
*geometry* detected driver: pdftex
*geometry* verbose mode - [ preamble ] result:
* driver: pdftex
* paper: <default>
* layout: <same size as paper>
* layoutoffset:(h,v)=(0.0pt,0.0pt)
* modes: 
* h-part:(L,W,R)=(85.35826pt, 443.57848pt, 85.35826pt)
* v-part:(T,H,B)=(85.35826pt, 624.25346pt, 85.35826pt)
* \paperwidth=614.295pt
* \paperheight=794.96999pt
* \textwidth=443.57848pt
* \textheight=624.25346pt
* \oddsidemargin=13.08827pt
* \evensidemargin=13.08827pt
* \topmargin=-16.97922pt
* \headheight=12.0pt
* \headsep=18.06749pt
* \topskip=10.0pt
* \footskip=25.29494pt
* \marginparwidth=69.0pt
* \marginparsep=7.0pt
* \columnsep=10.0pt
* \skip\footins=9.0pt plus 4.0pt minus 2.0pt
* \hoffset=0.0pt
* \voffset=0.0pt
* \mag=1000
* \@twocolumnfalse
* \@twosidefalse
* \@mparswitchfalse
* \@reversemarginfalse
* (1in=72.27pt=25.4mm, 1cm=28.453pt)

LaTeX Info: Redefining \it@ocap on input line 51.
LaTeX Info: Redefining \it@ccap on input line 51.

(/Users/carmineamato/Library/Application Support/MiKTeX/texmfs/install/tex/cont
ext/base/mkii/supp-pdf.mkii
[Loading MPS to PDF converter (version 2006.09.02).]
\scratchcounter=\count323
\scratchdimen=\dimen270
\scratchbox=\box68
\nofMPsegments=\count324
\nofMParguments=\count325
\everyMPshowfont=\toks34
\MPscratchCnt=\count326
\MPscratchDim=\dimen271
\MPnumerator=\count327
\makeMPintoPDFobject=\count328
\everyMPtoPDFconversion=\toks35
)
(/Users/carmineamato/Library/Application Support/MiKTeX/texmfs/install/tex/late
x/epstopdf-pkg/epstopdf-base.sty
Package: epstopdf-base 2020-01-24 v2.11 Base part for package epstopdf
Package epstopdf-base Info: Redefining graphics rule for `.eps' on input line 4
85.

(/Users/carmineamato/Library/Application Support/MiKTeX/texmfs/install/tex/late
x/00miktex/epstopdf-sys.cfg
File: epstopdf-sys.cfg 2021/03/18 v2.0 Configuration of epstopdf for MiKTeX
))
\c@lstlisting=\count329
<logo-federico-II.pdf, id=4, 501.79471pt x 499.8675pt>
File: logo-federico-II.pdf Graphic file (type pdf)
<use logo-federico-II.pdf>
Package pdftex.def Info: logo-federico-II.pdf  used on input line 53.
(pdftex.def)             Requested size: 99.58464pt x 99.20135pt.


[1


{/Users/carmineamato/Library/Application Support/MiKTeX/texmfs/data/fonts/map/p
dftex/pdftex.map} <./logo-federico-II.pdf>] (example.toc
LaTeX Font Info:    External font `cmex10' loaded for size
(Font)              <7> on input line 4.
LaTeX Font Info:    External font `cmex10' loaded for size
(Font)              <5> on input line 4.
)
\tf@toc=\write4
\openout4 = `example.toc'.



[1

]
Capitolo 1.


[2

]
Capitolo 2.
<UninaFoodLabApp.png, id=27, 11153.67pt x 5669.18pt>
File: UninaFoodLabApp.png Graphic file (type png)
<use UninaFoodLabApp.png>
Package pdftex.def Info: UninaFoodLabApp.png  used on input line 79.
(pdftex.def)             Requested size: 443.57848pt x 225.43102pt.


[3

 <./UninaFoodLabApp.png (PNG copy)>]

[4]
Capitolo 3.


[5

]

[6]
Capitolo 4.


[7

] (example.aux)
 ***********
LaTeX2e <2025-06-01> patch level 1
L3 programming layer <2025-06-09>
 ***********
 ) 
Here is how much of TeX's memory you used:
 15663 strings out of 468226
 317091 string characters out of 5420954
 883370 words of memory out of 5000000
 43938 multiletter control sequences out of 15000+600000
 638293 words of font info for 56 fonts, out of 8000000 for 9000
 1141 hyphenation exceptions out of 8191
 99i,6n,101p,564b,266s stack positions out of 10000i,1000n,20000p,200000b,200000s
 </Users/carmineamato/Library/Application Support/MiKTeX/texmfs/data/fonts/pk
/ljfour/jknappen/ec/dpi600/ecbx1200.pk> </Users/carmineamato/Library/Applicatio
n Support/MiKTeX/texmfs/data/fonts/pk/ljfour/jknappen/ec/dpi600/ecbi1440.pk> </
Users/carmineamato/Library/Application Support/MiKTeX/texmfs/data/fonts/pk/ljfo
ur/jknappen/ec/dpi600/tcrm1000.pk> </Users/carmineamato/Library/Application Sup
port/MiKTeX/texmfs/data/fonts/pk/ljfour/jknappen/ec/dpi600/ecbx1440.pk> </Users
/carmineamato/Library/Application Support/MiKTeX/texmfs/data/fonts/pk/ljfour/jk
nappen/ec/dpi600/ecbx2074.pk> </Users/carmineamato/Library/Application Support/
MiKTeX/texmfs/data/fonts/pk/ljfour/jknappen/ec/dpi600/ecti1000.pk> </Users/carm
ineamato/Library/Application Support/MiKTeX/texmfs/data/fonts/pk/ljfour/jknappe
n/ec/dpi600/ecrm1000.pk> </Users/carmineamato/Library/Application Support/MiKTe
X/texmfs/data/fonts/pk/ljfour/jknappen/ec/dpi600/ecbx1000.pk> </Users/carmineam
ato/Library/Application Support/MiKTeX/texmfs/data/fonts/pk/ljfour/jknappen/ec/
dpi600/ecbx2488.pk> </Users/carmineamato/Library/Application Support/MiKTeX/tex
mfs/data/fonts/pk/ljfour/jknappen/ec/dpi600/ecrm1200.pk> </Users/carmineamato/L
ibrary/Application Support/MiKTeX/texmfs/data/fonts/pk/ljfour/jknappen/ec/dpi60
0/eccc2488.pk> </Users/carmineamato/Library/Application Support/MiKTeX/texmfs/d
ata/fonts/pk/ljfour/jknappen/ec/dpi600/eccc1200.pk> </Users/carmineamato/Librar
y/Application Support/MiKTeX/texmfs/data/fonts/pk/ljfour/jknappen/ec/dpi600/ecc
c1440.pk>
Output written on example.pdf (8 pages, 4188790 bytes).
PDF statistics:
 398 PDF objects out of 1000 (max. 8388607)
 0 named destinations out of 1000 (max. 500000)
 23 words of extra memory for PDF output out of 10000 (max. 10000000)

