<<<<<<< Updated upstream
This is pdfTeX, Version 3.141592653-2.6-1.40.25 (MiKTeX 24.1) (preloaded format=pdflatex 2025.7.10)  14 SEP 2025 16:43
=======
This is pdfTeX, Version 3.141592653-2.6-1.40.24 (MiKTeX 22.1) (preloaded format=pdflatex 2025.7.4)  9 SEP 2025 18:42
>>>>>>> Stashed changes
entering extended mode
 restricted \write18 enabled.
 file:line:error style messages enabled.
 %&-line parsing enabled.
<<<<<<< Updated upstream
**"c:/Users/utente/Documents/Università/Progetto BD-OO/UninaFoodLab/Progetto Object Orientation/Documentazione/main.tex"
(c:/Users/utente/Documents/Università/Progetto BD-OO/UninaFoodLab/Progetto Object Orientation/Documentazione/main.tex
LaTeX2e <2023-11-01> patch level 1
L3 programming layer <2024-01-04>
(C:\Users\utente\AppData\Local\Programs\MiKTeX\tex/latex/base\book.cls
Document Class: book 2023/05/17 v1.4n Standard LaTeX document class
(C:\Users\utente\AppData\Local\Programs\MiKTeX\tex/latex/base\bk12.clo
File: bk12.clo 2023/05/17 v1.4n Standard LaTeX file (size option)
)
\c@part=\count187
\c@chapter=\count188
\c@section=\count189
\c@subsection=\count190
\c@subsubsection=\count191
\c@paragraph=\count192
\c@subparagraph=\count193
\c@figure=\count194
\c@table=\count195
\abovecaptionskip=\skip48
\belowcaptionskip=\skip49
\bibindent=\dimen140
) (C:\Users\utente\AppData\Local\Programs\MiKTeX\tex/latex/geometry\geometry.sty
Package: geometry 2020/01/02 v5.9 Page Geometry
 (C:\Users\utente\AppData\Local\Programs\MiKTeX\tex/latex/graphics\keyval.sty
Package: keyval 2022/05/29 v1.15 key=value parser (DPC)
\KV@toks@=\toks17
) (C:\Users\utente\AppData\Local\Programs\MiKTeX\tex/generic/iftex\ifvtex.sty
Package: ifvtex 2019/10/25 v1.7 ifvtex legacy package. Use iftex instead.
 (C:\Users\utente\AppData\Local\Programs\MiKTeX\tex/generic/iftex\iftex.sty
Package: iftex 2022/02/03 v1.0f TeX engine tests
))
\Gm@cnth=\count196
\Gm@cntv=\count197
\c@Gm@tempcnt=\count198
\Gm@bindingoffset=\dimen141
\Gm@wd@mp=\dimen142
\Gm@odd@mp=\dimen143
\Gm@even@mp=\dimen144
\Gm@layoutwidth=\dimen145
\Gm@layoutheight=\dimen146
\Gm@layouthoffset=\dimen147
\Gm@layoutvoffset=\dimen148
\Gm@dimlist=\toks18
 (C:\Users\utente\AppData\Local\Programs\MiKTeX\tex/latex/geometry\geometry.cfg)) (C:\Users\utente\AppData\Local\Programs\MiKTeX\tex/latex/base\inputenc.sty
Package: inputenc 2021/02/14 v1.3d Input encoding file
\inpenc@prehook=\toks19
\inpenc@posthook=\toks20
) (C:\Users\utente\AppData\Local\Programs\MiKTeX\tex/latex/base\fontenc.sty
Package: fontenc 2021/04/29 v2.0v Standard LaTeX package
) (C:\Users\utente\AppData\Local\Programs\MiKTeX\tex/generic/babel\babel.sty
Package: babel 2024/01/07 v24.1 The Babel package
\babel@savecnt=\count199
\U@D=\dimen149
\l@unhyphenated=\language79
 (C:\Users\utente\AppData\Local\Programs\MiKTeX\tex/generic/babel\txtbabel.def)
\bbl@readstream=\read2
\bbl@dirlevel=\count266
=======
**"/Users/carmineamato/Desktop/Object Orientation/UninaFoodLab/Progetto Object 
Orientation/Documentazione/main.tex"

(/Users/carmineamato/Desktop/Object Orientation/UninaFoodLab/Progetto Object Or
ientation/Documentazione/main.tex
LaTeX2e <2025-06-01> patch level 1
L3 programming layer <2025-06-09>

(/Users/carmineamato/Library/Application Support/MiKTeX/texmfs/install/tex/late
x/base/book.cls
Document Class: book 2025/01/22 v1.4n Standard LaTeX document class

(/Users/carmineamato/Library/Application Support/MiKTeX/texmfs/install/tex/late
x/base/bk12.clo
File: bk12.clo 2025/01/22 v1.4n Standard LaTeX file (size option)
)
\c@part=\count275
\c@chapter=\count276
\c@section=\count277
\c@subsection=\count278
\c@subsubsection=\count279
\c@paragraph=\count280
\c@subparagraph=\count281
\c@figure=\count282
\c@table=\count283
\abovecaptionskip=\skip49
\belowcaptionskip=\skip50
\bibindent=\dimen148
)
(/Users/carmineamato/Library/Application Support/MiKTeX/texmfs/install/tex/late
x/geometry/geometry.sty
Package: geometry 2020/01/02 v5.9 Page Geometry

(/Users/carmineamato/Library/Application Support/MiKTeX/texmfs/install/tex/late
x/graphics/keyval.sty
Package: keyval 2022/05/29 v1.15 key=value parser (DPC)
\KV@toks@=\toks17
)
(/Users/carmineamato/Library/Application Support/MiKTeX/texmfs/install/tex/gene
ric/iftex/ifvtex.sty
Package: ifvtex 2019/10/25 v1.7 ifvtex legacy package. Use iftex instead.

(/Users/carmineamato/Library/Application Support/MiKTeX/texmfs/install/tex/gene
ric/iftex/iftex.sty
Package: iftex 2024/12/12 v1.0g TeX engine tests
))
\Gm@cnth=\count284
\Gm@cntv=\count285
\c@Gm@tempcnt=\count286
\Gm@bindingoffset=\dimen149
\Gm@wd@mp=\dimen150
\Gm@odd@mp=\dimen151
\Gm@even@mp=\dimen152
\Gm@layoutwidth=\dimen153
\Gm@layoutheight=\dimen154
\Gm@layouthoffset=\dimen155
\Gm@layoutvoffset=\dimen156
\Gm@dimlist=\toks18

(/Users/carmineamato/Library/Application Support/MiKTeX/texmfs/install/tex/late
x/geometry/geometry.cfg))
(/Users/carmineamato/Library/Application Support/MiKTeX/texmfs/install/tex/late
x/base/inputenc.sty
Package: inputenc 2024/02/08 v1.3d Input encoding file
\inpenc@prehook=\toks19
\inpenc@posthook=\toks20
)
(/Users/carmineamato/Library/Application Support/MiKTeX/texmfs/install/tex/late
x/base/fontenc.sty
Package: fontenc 2024/12/21 v2.1c Standard LaTeX package
)
(/Users/carmineamato/Library/Application Support/MiKTeX/texmfs/install/tex/gene
ric/babel/babel.sty
Package: babel 2025/05/14 v25.9 The multilingual framework for pdfLaTeX, LuaLaT
eX and XeLaTeX
\babel@savecnt=\count287
LaTeX Encoding Info:    Redeclaring text command \ij (encoding OT1) on input li
ne 2043.
LaTeX Encoding Info:    Redeclaring text command \IJ (encoding OT1) on input li
ne 2045.
LaTeX Encoding Info:    Redeclaring text command \ij (encoding T1) on input lin
e 2047.
LaTeX Encoding Info:    Redeclaring text command \IJ (encoding T1) on input lin
e 2048.
LaTeX Encoding Info:    Ignoring declaration for text command \ij (encoding ?) 
on input line 2049.
LaTeX Encoding Info:    Ignoring declaration for text command \IJ (encoding ?) 
on input line 2051.
LaTeX Encoding Info:    Ignoring declaration for text command \SS (encoding ?) 
on input line 2076.
\U@D=\dimen157
\l@unhyphenated=\language79

(/Users/carmineamato/Library/Application Support/MiKTeX/texmfs/install/tex/gene
ric/babel/txtbabel.def)
\bbl@readstream=\read2
\bbl@dirlevel=\count288
>>>>>>> Stashed changes

*************************************
* Local config file bblopts.cfg used
*
<<<<<<< Updated upstream
(C:\Users\utente\AppData\Local\Programs\MiKTeX\tex/latex/arabi\bblopts.cfg
File: bblopts.cfg 2005/09/08 v0.1 add Arabic and Farsi to "declared" options of babel
) (C:\Users\utente\AppData\Local\Programs\MiKTeX\tex/latex/babel-italian\italian.ldf
Language: italian 2024/10/10 v.1.5.01 Italian support for the babel system
\it@lettering=\count267
\it@doublequoteactive=\count268
\it@ISOcompliance=\count269
)) (C:\Users\utente\AppData\Local\Programs\MiKTeX\tex/generic/babel/locale/it\babel-italian.tex
Package babel Info: Importing font and identification data for italian
(babel)             from babel-it.ini. Reported on input line 11.
) (C:\Users\utente\AppData\Local\Programs\MiKTeX\tex/latex/etoolbox\etoolbox.sty
Package: etoolbox 2020/10/05 v2.5k e-TeX tools for LaTeX (JAW)
\etb@tempcnta=\count270
) (C:\Users\utente\AppData\Local\Programs\MiKTeX\tex/latex/graphics\graphicx.sty
Package: graphicx 2021/09/16 v1.2d Enhanced LaTeX Graphics (DPC,SPQR)
 (C:\Users\utente\AppData\Local\Programs\MiKTeX\tex/latex/graphics\graphics.sty
Package: graphics 2022/03/10 v1.4e Standard LaTeX Graphics (DPC,SPQR)
 (C:\Users\utente\AppData\Local\Programs\MiKTeX\tex/latex/graphics\trig.sty
Package: trig 2021/08/11 v1.11 sin cos tan (DPC)
) (C:\Users\utente\AppData\Local\Programs\MiKTeX\tex/latex/graphics-cfg\graphics.cfg
File: graphics.cfg 2016/06/04 v1.11 sample graphics configuration
)
Package graphics Info: Driver file: pdftex.def on input line 107.
 (C:\Users\utente\AppData\Local\Programs\MiKTeX\tex/latex/graphics-def\pdftex.def
File: pdftex.def 2022/09/22 v1.2b Graphics/color driver for pdftex
))
\Gin@req@height=\dimen150
\Gin@req@width=\dimen151
) (C:\Users\utente\AppData\Local\Programs\MiKTeX\tex/latex/listings\listings.sty
\lst@mode=\count271
\lst@gtempboxa=\box51
\lst@token=\toks21
\lst@length=\count272
\lst@currlwidth=\dimen152
\lst@column=\count273
\lst@pos=\count274
\lst@lostspace=\dimen153
\lst@width=\dimen154
\lst@newlines=\count275
\lst@lineno=\count276
\lst@maxwidth=\dimen155
 (C:\Users\utente\AppData\Local\Programs\MiKTeX\tex/latex/listings\lstmisc.sty
File: lstmisc.sty 2023/02/27 1.9 (Carsten Heinz)
\c@lstnumber=\count277
\lst@skipnumbers=\count278
\lst@framebox=\box52
) (C:\Users\utente\AppData\Local\Programs\MiKTeX\tex/latex/listings\listings.cfg
File: listings.cfg 2023/02/27 1.9 listings configuration
))
Package: listings 2023/02/27 1.9 (Carsten Heinz)
 (C:\Users\utente\AppData\Local\Programs\MiKTeX\tex/latex/xcolor\xcolor.sty
Package: xcolor 2023/11/15 v3.01 LaTeX color extensions (UK)
 (C:\Users\utente\AppData\Local\Programs\MiKTeX\tex/latex/graphics-cfg\color.cfg
File: color.cfg 2016/01/02 v1.6 sample color configuration
)
Package xcolor Info: Driver file: pdftex.def on input line 274.
 (C:\Users\utente\AppData\Local\Programs\MiKTeX\tex/latex/graphics\mathcolor.ltx)
Package xcolor Info: Model `cmy' substituted by `cmy0' on input line 1350.
Package xcolor Info: Model `hsb' substituted by `rgb' on input line 1354.
Package xcolor Info: Model `RGB' extended on input line 1366.
Package xcolor Info: Model `HTML' substituted by `rgb' on input line 1368.
Package xcolor Info: Model `Hsb' substituted by `hsb' on input line 1369.
Package xcolor Info: Model `tHsb' substituted by `hsb' on input line 1370.
Package xcolor Info: Model `HSB' substituted by `hsb' on input line 1371.
Package xcolor Info: Model `Gray' substituted by `gray' on input line 1372.
Package xcolor Info: Model `wave' substituted by `hsb' on input line 1373.
) (C:\Users\utente\AppData\Local\Programs\MiKTeX\tex/latex/setspace\setspace.sty
Package: setspace 2022/12/04 v6.7b set line spacing
) (C:\Users\utente\AppData\Local\Programs\MiKTeX\tex/latex/titlesec\titlesec.sty
Package: titlesec 2025/01/04 v2.17 Sectioning titles
\ttl@box=\box53
\beforetitleunit=\skip50
\aftertitleunit=\skip51
\ttl@plus=\dimen156
\ttl@minus=\dimen157
\ttl@toksa=\toks22
\titlewidth=\dimen158
\titlewidthlast=\dimen159
\titlewidthfirst=\dimen160
) (C:\Users\utente\AppData\Local\Programs\MiKTeX\tex/latex/enumitem\enumitem.sty
Package: enumitem 2025/02/06 v3.11 Customized lists
\labelindent=\skip52
\enit@outerparindent=\dimen161
\enit@toks=\toks23
\enit@inbox=\box54
\enit@count@id=\count279
\enitdp@description=\count280
) (C:\Users\utente\AppData\Local\Programs\MiKTeX\tex/latex/hyperref\hyperref.sty
Package: hyperref 2023-11-26 v7.01g Hypertext links for LaTeX
 (C:\Users\utente\AppData\Local\Programs\MiKTeX\tex/generic/infwarerr\infwarerr.sty
=======

(/Users/carmineamato/Library/Application Support/MiKTeX/texmfs/install/tex/late
x/arabi/bblopts.cfg
File: bblopts.cfg 2005/09/08 v0.1 add Arabic and Farsi to "declared" options of
 babel
)
(/Users/carmineamato/Library/Application Support/MiKTeX/texmfs/install/tex/late
x/babel-italian/italian.ldf
Language: italian 2024/10/10 v.1.5.01 Italian support for the babel system

(/Users/carmineamato/Library/Application Support/MiKTeX/texmfs/install/tex/gene
ric/babel/locale/it/babel-italian.tex
Package babel Info: Importing font and identification data for italian
(babel)             from babel-it.ini. Reported on input line 11.
)
\it@lettering=\count289
\it@doublequoteactive=\count290
\it@ISOcompliance=\count291
))
(/Users/carmineamato/Library/Application Support/MiKTeX/texmfs/install/tex/late
x/etoolbox/etoolbox.sty
Package: etoolbox 2025/02/11 v2.5l e-TeX tools for LaTeX (JAW)
\etb@tempcnta=\count292
)
(/Users/carmineamato/Library/Application Support/MiKTeX/texmfs/install/tex/late
x/graphics/graphicx.sty
Package: graphicx 2024/12/31 v1.2e Enhanced LaTeX Graphics (DPC,SPQR)

(/Users/carmineamato/Library/Application Support/MiKTeX/texmfs/install/tex/late
x/graphics/graphics.sty
Package: graphics 2024/08/06 v1.4g Standard LaTeX Graphics (DPC,SPQR)

(/Users/carmineamato/Library/Application Support/MiKTeX/texmfs/install/tex/late
x/graphics/trig.sty
Package: trig 2023/12/02 v1.11 sin cos tan (DPC)
)
(/Users/carmineamato/Library/Application Support/MiKTeX/texmfs/install/tex/late
x/graphics-cfg/graphics.cfg
File: graphics.cfg 2016/06/04 v1.11 sample graphics configuration
)
Package graphics Info: Driver file: pdftex.def on input line 106.

(/Users/carmineamato/Library/Application Support/MiKTeX/texmfs/install/tex/late
x/graphics-def/pdftex.def
File: pdftex.def 2024/04/13 v1.2c Graphics/color driver for pdftex
))
\Gin@req@height=\dimen158
\Gin@req@width=\dimen159
)
(/Users/carmineamato/Library/Application Support/MiKTeX/texmfs/install/tex/late
x/listings/listings.sty
\lst@mode=\count293
\lst@gtempboxa=\box53
\lst@token=\toks21
\lst@length=\count294
\lst@currlwidth=\dimen160
\lst@column=\count295
\lst@pos=\count296
\lst@lostspace=\dimen161
\lst@width=\dimen162
\lst@newlines=\count297
\lst@lineno=\count298
\lst@maxwidth=\dimen163

(/Users/carmineamato/Library/Application Support/MiKTeX/texmfs/install/tex/late
x/listings/lstpatch.sty
File: lstpatch.sty 2024/09/23 1.10c (Carsten Heinz)
)
(/Users/carmineamato/Library/Application Support/MiKTeX/texmfs/install/tex/late
x/listings/lstmisc.sty
File: lstmisc.sty 2024/09/23 1.10c (Carsten Heinz)
\c@lstnumber=\count299
\lst@skipnumbers=\count300
\lst@framebox=\box54
)
(/Users/carmineamato/Library/Application Support/MiKTeX/texmfs/install/tex/late
x/listings/listings.cfg
File: listings.cfg 2024/09/23 1.10c listings configuration
))
Package: listings 2024/09/23 1.10c (Carsten Heinz)

(/Users/carmineamato/Library/Application Support/MiKTeX/texmfs/install/tex/late
x/xcolor/xcolor.sty
Package: xcolor 2024/09/29 v3.02 LaTeX color extensions (UK)

(/Users/carmineamato/Library/Application Support/MiKTeX/texmfs/install/tex/late
x/graphics-cfg/color.cfg
File: color.cfg 2016/01/02 v1.6 sample color configuration
)
Package xcolor Info: Driver file: pdftex.def on input line 274.

(/Users/carmineamato/Library/Application Support/MiKTeX/texmfs/install/tex/late
x/graphics/mathcolor.ltx)
Package xcolor Info: Model `cmy' substituted by `cmy0' on input line 1349.
Package xcolor Info: Model `hsb' substituted by `rgb' on input line 1353.
Package xcolor Info: Model `RGB' extended on input line 1365.
Package xcolor Info: Model `HTML' substituted by `rgb' on input line 1367.
Package xcolor Info: Model `Hsb' substituted by `hsb' on input line 1368.
Package xcolor Info: Model `tHsb' substituted by `hsb' on input line 1369.
Package xcolor Info: Model `HSB' substituted by `hsb' on input line 1370.
Package xcolor Info: Model `Gray' substituted by `gray' on input line 1371.
Package xcolor Info: Model `wave' substituted by `hsb' on input line 1372.
)
(/Users/carmineamato/Library/Application Support/MiKTeX/texmfs/install/tex/late
x/setspace/setspace.sty
Package: setspace 2022/12/04 v6.7b set line spacing
)
(/Users/carmineamato/Library/Application Support/MiKTeX/texmfs/install/tex/late
x/titlesec/titlesec.sty
Package: titlesec 2025/01/04 v2.17 Sectioning titles
\ttl@box=\box55
\beforetitleunit=\skip51
\aftertitleunit=\skip52
\ttl@plus=\dimen164
\ttl@minus=\dimen165
\ttl@toksa=\toks22
\titlewidth=\dimen166
\titlewidthlast=\dimen167
\titlewidthfirst=\dimen168
)
(/Users/carmineamato/Library/Application Support/MiKTeX/texmfs/install/tex/late
x/enumitem/enumitem.sty
Package: enumitem 2025/02/06 v3.11 Customized lists
\labelindent=\skip53
\enit@outerparindent=\dimen169
\enit@toks=\toks23
\enit@inbox=\box56
\enit@count@id=\count301
\enitdp@description=\count302
)
(/Users/carmineamato/Library/Application Support/MiKTeX/texmfs/install/tex/late
x/hyperref/hyperref.sty
Package: hyperref 2025-06-21 v7.01n Hypertext links for LaTeX

(/Users/carmineamato/Library/Application Support/MiKTeX/texmfs/install/tex/late
x/kvsetkeys/kvsetkeys.sty
Package: kvsetkeys 2022-10-05 v1.19 Key value parser (HO)
)
(/Users/carmineamato/Library/Application Support/MiKTeX/texmfs/install/tex/gene
ric/kvdefinekeys/kvdefinekeys.sty
Package: kvdefinekeys 2019-12-19 v1.6 Define keys (HO)
)
(/Users/carmineamato/Library/Application Support/MiKTeX/texmfs/install/tex/gene
ric/pdfescape/pdfescape.sty
Package: pdfescape 2019/12/09 v1.15 Implements pdfTeX's escape features (HO)

(/Users/carmineamato/Library/Application Support/MiKTeX/texmfs/install/tex/gene
ric/ltxcmds/ltxcmds.sty
Package: ltxcmds 2023-12-04 v1.26 LaTeX kernel commands for general use (HO)
)
(/Users/carmineamato/Library/Application Support/MiKTeX/texmfs/install/tex/gene
ric/pdftexcmds/pdftexcmds.sty
Package: pdftexcmds 2020-06-27 v0.33 Utility functions of pdfTeX for LuaTeX (HO
)

(/Users/carmineamato/Library/Application Support/MiKTeX/texmfs/install/tex/gene
ric/infwarerr/infwarerr.sty
>>>>>>> Stashed changes
Package: infwarerr 2019/12/03 v1.5 Providing info/warning/error messages (HO)
) (C:\Users\utente\AppData\Local\Programs\MiKTeX\tex/latex/kvsetkeys\kvsetkeys.sty
Package: kvsetkeys 2022-10-05 v1.19 Key value parser (HO)
) (C:\Users\utente\AppData\Local\Programs\MiKTeX\tex/generic/kvdefinekeys\kvdefinekeys.sty
Package: kvdefinekeys 2019-12-19 v1.6 Define keys (HO)
) (C:\Users\utente\AppData\Local\Programs\MiKTeX\tex/generic/pdfescape\pdfescape.sty
Package: pdfescape 2019/12/09 v1.15 Implements pdfTeX's escape features (HO)
 (C:\Users\utente\AppData\Local\Programs\MiKTeX\tex/generic/ltxcmds\ltxcmds.sty
Package: ltxcmds 2023-12-04 v1.26 LaTeX kernel commands for general use (HO)
) (C:\Users\utente\AppData\Local\Programs\MiKTeX\tex/generic/pdftexcmds\pdftexcmds.sty
Package: pdftexcmds 2020-06-27 v0.33 Utility functions of pdfTeX for LuaTeX (HO)
Package pdftexcmds Info: \pdf@primitive is available.
Package pdftexcmds Info: \pdf@ifprimitive is available.
Package pdftexcmds Info: \pdfdraftmode found.
<<<<<<< Updated upstream
)) (C:\Users\utente\AppData\Local\Programs\MiKTeX\tex/latex/hycolor\hycolor.sty
Package: hycolor 2020-01-27 v1.10 Color options for hyperref/bookmark (HO)
) (C:\Users\utente\AppData\Local\Programs\MiKTeX\tex/latex/letltxmacro\letltxmacro.sty
Package: letltxmacro 2019/12/03 v1.6 Let assignment for LaTeX macros (HO)
) (C:\Users\utente\AppData\Local\Programs\MiKTeX\tex/latex/auxhook\auxhook.sty
Package: auxhook 2019-12-17 v1.6 Hooks for auxiliary files (HO)
) (C:\Users\utente\AppData\Local\Programs\MiKTeX\tex/latex/hyperref\nameref.sty
Package: nameref 2023-11-26 v2.56 Cross-referencing by name of section
 (C:\Users\utente\AppData\Local\Programs\MiKTeX\tex/latex/refcount\refcount.sty
Package: refcount 2019/12/15 v3.6 Data extraction from label references (HO)
) (C:\Users\utente\AppData\Local\Programs\MiKTeX\tex/generic/gettitlestring\gettitlestring.sty
Package: gettitlestring 2019/12/15 v1.6 Cleanup title references (HO)
 (C:\Users\utente\AppData\Local\Programs\MiKTeX\tex/latex/kvoptions\kvoptions.sty
Package: kvoptions 2022-06-15 v3.15 Key value format for package options (HO)
))
\c@section@level=\count281
)
\@linkdim=\dimen162
\Hy@linkcounter=\count282
\Hy@pagecounter=\count283
 (C:\Users\utente\AppData\Local\Programs\MiKTeX\tex/latex/hyperref\pd1enc.def
File: pd1enc.def 2023-11-26 v7.01g Hyperref: PDFDocEncoding definition (HO)
Now handling font encoding PD1 ...
... no UTF-8 mapping file for font encoding PD1
) (C:\Users\utente\AppData\Local\Programs\MiKTeX\tex/generic/intcalc\intcalc.sty
Package: intcalc 2019/12/15 v1.3 Expandable calculations with integers (HO)
)
\Hy@SavedSpaceFactor=\count284
 (C:\Users\utente\AppData\Local\Programs\MiKTeX\tex/latex/hyperref\puenc.def
File: puenc.def 2023-11-26 v7.01g Hyperref: PDF Unicode definition (HO)
Now handling font encoding PU ...
... no UTF-8 mapping file for font encoding PU
)
Package hyperref Info: Option `colorlinks' set `true' on input line 4064.
=======
))
(/Users/carmineamato/Library/Application Support/MiKTeX/texmfs/install/tex/late
x/hycolor/hycolor.sty
Package: hycolor 2020-01-27 v1.10 Color options for hyperref/bookmark (HO)
)
(/Users/carmineamato/Library/Application Support/MiKTeX/texmfs/install/tex/late
x/hyperref/nameref.sty
Package: nameref 2025-06-21 v2.57 Cross-referencing by name of section

(/Users/carmineamato/Library/Application Support/MiKTeX/texmfs/install/tex/late
x/refcount/refcount.sty
Package: refcount 2019/12/15 v3.6 Data extraction from label references (HO)
)
(/Users/carmineamato/Library/Application Support/MiKTeX/texmfs/install/tex/gene
ric/gettitlestring/gettitlestring.sty
Package: gettitlestring 2019/12/15 v1.6 Cleanup title references (HO)

(/Users/carmineamato/Library/Application Support/MiKTeX/texmfs/install/tex/late
x/kvoptions/kvoptions.sty
Package: kvoptions 2022-06-15 v3.15 Key value format for package options (HO)
))
\c@section@level=\count303
)
(/Users/carmineamato/Library/Application Support/MiKTeX/texmfs/install/tex/gene
ric/stringenc/stringenc.sty
Package: stringenc 2019/11/29 v1.12 Convert strings between diff. encodings (HO
)
)
\@linkdim=\dimen170
\Hy@linkcounter=\count304
\Hy@pagecounter=\count305

(/Users/carmineamato/Library/Application Support/MiKTeX/texmfs/install/tex/late
x/hyperref/pd1enc.def
File: pd1enc.def 2025-06-21 v7.01n Hyperref: PDFDocEncoding definition (HO)
Now handling font encoding PD1 ...
... no UTF-8 mapping file for font encoding PD1
)
(/Users/carmineamato/Library/Application Support/MiKTeX/texmfs/install/tex/gene
ric/intcalc/intcalc.sty
Package: intcalc 2019/12/15 v1.3 Expandable calculations with integers (HO)
)
\Hy@SavedSpaceFactor=\count306

(/Users/carmineamato/Library/Application Support/MiKTeX/texmfs/install/tex/late
x/hyperref/puenc.def
File: puenc.def 2025-06-21 v7.01n Hyperref: PDF Unicode definition (HO)
Now handling font encoding PU ...
... no UTF-8 mapping file for font encoding PU
)
Package hyperref Info: Option `colorlinks' set `true' on input line 4052.
>>>>>>> Stashed changes
Package hyperref Info: Hyper figures OFF on input line 4181.
Package hyperref Info: Link nesting OFF on input line 4186.
Package hyperref Info: Hyper index ON on input line 4189.
Package hyperref Info: Plain pages OFF on input line 4196.
Package hyperref Info: Backreferencing OFF on input line 4201.
Package hyperref Info: Implicit mode ON; LaTeX internals redefined.
Package hyperref Info: Bookmarks ON on input line 4448.
<<<<<<< Updated upstream
\c@Hy@tempcnt=\count285
 (C:\Users\utente\AppData\Local\Programs\MiKTeX\tex/latex/url\url.sty
\Urlmuskip=\muskip16
Package: url 2013/09/16  ver 3.4  Verb mode for urls, etc.
)
LaTeX Info: Redefining \url on input line 4786.
\XeTeXLinkMargin=\dimen163
 (C:\Users\utente\AppData\Local\Programs\MiKTeX\tex/generic/bitset\bitset.sty
Package: bitset 2019/12/09 v1.3 Handle bit-vector datatype (HO)
 (C:\Users\utente\AppData\Local\Programs\MiKTeX\tex/generic/bigintcalc\bigintcalc.sty
Package: bigintcalc 2019/12/15 v1.5 Expandable calculations on big integers (HO)
))
\Fld@menulength=\count286
\Field@Width=\dimen164
\Fld@charsize=\dimen165
Package hyperref Info: Hyper figures OFF on input line 6065.
Package hyperref Info: Link nesting OFF on input line 6070.
Package hyperref Info: Hyper index ON on input line 6073.
Package hyperref Info: backreferencing OFF on input line 6080.
Package hyperref Info: Link coloring ON on input line 6083.
Package hyperref Info: Link coloring with OCG OFF on input line 6090.
Package hyperref Info: PDF/A mode OFF on input line 6095.
 (C:\Users\utente\AppData\Local\Programs\MiKTeX\tex/latex/base\atbegshi-ltx.sty
Package: atbegshi-ltx 2021/01/10 v1.0c Emulation of the original atbegshi
package with kernel methods
)
\Hy@abspage=\count287
\c@Item=\count288
\c@Hfootnote=\count289
)
Package hyperref Info: Driver (autodetected): hpdftex.
 (C:\Users\utente\AppData\Local\Programs\MiKTeX\tex/latex/hyperref\hpdftex.def
File: hpdftex.def 2023-11-26 v7.01g Hyperref driver for pdfTeX
 (C:\Users\utente\AppData\Local\Programs\MiKTeX\tex/latex/base\atveryend-ltx.sty
Package: atveryend-ltx 2020/08/19 v1.0a Emulation of the original atveryend package
with kernel methods
)
\Fld@listcount=\count290
\c@bookmark@seq@number=\count291
 (C:\Users\utente\AppData\Local\Programs\MiKTeX\tex/latex/rerunfilecheck\rerunfilecheck.sty
Package: rerunfilecheck 2025-06-21 v1.11 Rerun checks for auxiliary files (HO)
 (C:\Users\utente\AppData\Local\Programs\MiKTeX\tex/generic/uniquecounter\uniquecounter.sty
Package: uniquecounter 2019/12/15 v1.4 Provide unlimited unique counter (HO)
)
Package uniquecounter Info: New unique counter `rerunfilecheck' on input line 284.
)
\Hy@SectionHShift=\skip53
) (uninafrontespizio.sty
Package: uninafrontespizio 2018/07/24 UniNA Frontespizio Package
 (C:\Users\utente\AppData\Local\Programs\MiKTeX\tex/latex/pgf/frontendlayer\tikz.sty (C:\Users\utente\AppData\Local\Programs\MiKTeX\tex/latex/pgf/basiclayer\pgf.sty (C:\Users\utente\AppData\Local\Programs\MiKTeX\tex/latex/pgf/utilities\pgfrcs.sty (C:\Users\utente\AppData\Local\Programs\MiKTeX\tex/generic/pgf/utilities\pgfutil-common.tex
\pgfutil@everybye=\toks24
\pgfutil@tempdima=\dimen166
\pgfutil@tempdimb=\dimen167
) (C:\Users\utente\AppData\Local\Programs\MiKTeX\tex/generic/pgf/utilities\pgfutil-latex.def
\pgfutil@abb=\box55
) (C:\Users\utente\AppData\Local\Programs\MiKTeX\tex/generic/pgf/utilities\pgfrcs.code.tex (C:\Users\utente\AppData\Local\Programs\MiKTeX\tex/generic/pgf\pgf.revision.tex)
Package: pgfrcs 2023-01-15 v3.1.10 (3.1.10)
))
Package: pgf 2023-01-15 v3.1.10 (3.1.10)
 (C:\Users\utente\AppData\Local\Programs\MiKTeX\tex/latex/pgf/basiclayer\pgfcore.sty (C:\Users\utente\AppData\Local\Programs\MiKTeX\tex/latex/pgf/systemlayer\pgfsys.sty (C:\Users\utente\AppData\Local\Programs\MiKTeX\tex/generic/pgf/systemlayer\pgfsys.code.tex
Package: pgfsys 2023-01-15 v3.1.10 (3.1.10)
 (C:\Users\utente\AppData\Local\Programs\MiKTeX\tex/generic/pgf/utilities\pgfkeys.code.tex
\pgfkeys@pathtoks=\toks25
\pgfkeys@temptoks=\toks26
 (C:\Users\utente\AppData\Local\Programs\MiKTeX\tex/generic/pgf/utilities\pgfkeyslibraryfiltered.code.tex
=======
\c@Hy@tempcnt=\count307

(/Users/carmineamato/Library/Application Support/MiKTeX/texmfs/install/tex/late
x/url/url.sty
\Urlmuskip=\muskip17
Package: url 2013/09/16  ver 3.4  Verb mode for urls, etc.
)
LaTeX Info: Redefining \url on input line 4787.
\XeTeXLinkMargin=\dimen171

(/Users/carmineamato/Library/Application Support/MiKTeX/texmfs/install/tex/gene
ric/bitset/bitset.sty
Package: bitset 2019/12/09 v1.3 Handle bit-vector datatype (HO)

(/Users/carmineamato/Library/Application Support/MiKTeX/texmfs/install/tex/gene
ric/bigintcalc/bigintcalc.sty
Package: bigintcalc 2019/12/15 v1.5 Expandable calculations on big integers (HO
)
))
\Fld@menulength=\count308
\Field@Width=\dimen172
\Fld@charsize=\dimen173
Package hyperref Info: Hyper figures OFF on input line 6066.
Package hyperref Info: Link nesting OFF on input line 6071.
Package hyperref Info: Hyper index ON on input line 6074.
Package hyperref Info: backreferencing OFF on input line 6081.
Package hyperref Info: Link coloring ON on input line 6084.
Package hyperref Info: Link coloring with OCG OFF on input line 6091.
Package hyperref Info: PDF/A mode OFF on input line 6096.
\Hy@abspage=\count309
\c@Item=\count310
\c@Hfootnote=\count311
)
Package hyperref Info: Driver (autodetected): hpdftex.

(/Users/carmineamato/Library/Application Support/MiKTeX/texmfs/install/tex/late
x/hyperref/hpdftex.def
File: hpdftex.def 2025-06-21 v7.01n Hyperref driver for pdfTeX
\Fld@listcount=\count312
\c@bookmark@seq@number=\count313

(/Users/carmineamato/Library/Application Support/MiKTeX/texmfs/install/tex/late
x/rerunfilecheck/rerunfilecheck.sty
Package: rerunfilecheck 2025-06-21 v1.11 Rerun checks for auxiliary files (HO)

(/Users/carmineamato/Library/Application Support/MiKTeX/texmfs/install/tex/gene
ric/uniquecounter/uniquecounter.sty
Package: uniquecounter 2019/12/15 v1.4 Provide unlimited unique counter (HO)
)
Package uniquecounter Info: New unique counter `rerunfilecheck' on input line 2
84.
)
\Hy@SectionHShift=\skip54
) (uninafrontespizio.sty
Package: uninafrontespizio 2018/07/24 UniNA Frontespizio Package

(/Users/carmineamato/Library/Application Support/MiKTeX/texmfs/install/tex/late
x/pgf/frontendlayer/tikz.sty
(/Users/carmineamato/Library/Application Support/MiKTeX/texmfs/install/tex/late
x/pgf/basiclayer/pgf.sty
(/Users/carmineamato/Library/Application Support/MiKTeX/texmfs/install/tex/late
x/pgf/utilities/pgfrcs.sty
(/Users/carmineamato/Library/Application Support/MiKTeX/texmfs/install/tex/gene
ric/pgf/utilities/pgfutil-common.tex
\pgfutil@everybye=\toks24
\pgfutil@tempdima=\dimen174
\pgfutil@tempdimb=\dimen175
)
(/Users/carmineamato/Library/Application Support/MiKTeX/texmfs/install/tex/gene
ric/pgf/utilities/pgfutil-latex.def
\pgfutil@abb=\box57
)
(/Users/carmineamato/Library/Application Support/MiKTeX/texmfs/install/tex/gene
ric/pgf/utilities/pgfrcs.code.tex
(/Users/carmineamato/Library/Application Support/MiKTeX/texmfs/install/tex/gene
ric/pgf/pgf.revision.tex)
Package: pgfrcs 2023-01-15 v3.1.10 (3.1.10)
))
Package: pgf 2023-01-15 v3.1.10 (3.1.10)

(/Users/carmineamato/Library/Application Support/MiKTeX/texmfs/install/tex/late
x/pgf/basiclayer/pgfcore.sty
(/Users/carmineamato/Library/Application Support/MiKTeX/texmfs/install/tex/late
x/pgf/systemlayer/pgfsys.sty
(/Users/carmineamato/Library/Application Support/MiKTeX/texmfs/install/tex/gene
ric/pgf/systemlayer/pgfsys.code.tex
Package: pgfsys 2023-01-15 v3.1.10 (3.1.10)

(/Users/carmineamato/Library/Application Support/MiKTeX/texmfs/install/tex/gene
ric/pgf/utilities/pgfkeys.code.tex
\pgfkeys@pathtoks=\toks25
\pgfkeys@temptoks=\toks26

(/Users/carmineamato/Library/Application Support/MiKTeX/texmfs/install/tex/gene
ric/pgf/utilities/pgfkeyslibraryfiltered.code.tex
>>>>>>> Stashed changes
\pgfkeys@tmptoks=\toks27
))
\pgf@x=\dimen176
\pgf@y=\dimen177
\pgf@xa=\dimen178
\pgf@ya=\dimen179
\pgf@xb=\dimen180
\pgf@yb=\dimen181
\pgf@xc=\dimen182
\pgf@yc=\dimen183
\pgf@xd=\dimen184
\pgf@yd=\dimen185
\w@pgf@writea=\write3
\r@pgf@reada=\read3
<<<<<<< Updated upstream
\c@pgf@counta=\count292
\c@pgf@countb=\count293
\c@pgf@countc=\count294
\c@pgf@countd=\count295
\t@pgf@toka=\toks28
\t@pgf@tokb=\toks29
\t@pgf@tokc=\toks30
\pgf@sys@id@count=\count296
 (C:\Users\utente\AppData\Local\Programs\MiKTeX\tex/generic/pgf/systemlayer\pgf.cfg
File: pgf.cfg 2023-01-15 v3.1.10 (3.1.10)
)
Driver file for pgf: pgfsys-pdftex.def
 (C:\Users\utente\AppData\Local\Programs\MiKTeX\tex/generic/pgf/systemlayer\pgfsys-pdftex.def
File: pgfsys-pdftex.def 2023-01-15 v3.1.10 (3.1.10)
 (C:\Users\utente\AppData\Local\Programs\MiKTeX\tex/generic/pgf/systemlayer\pgfsys-common-pdf.def
File: pgfsys-common-pdf.def 2023-01-15 v3.1.10 (3.1.10)
))) (C:\Users\utente\AppData\Local\Programs\MiKTeX\tex/generic/pgf/systemlayer\pgfsyssoftpath.code.tex
File: pgfsyssoftpath.code.tex 2023-01-15 v3.1.10 (3.1.10)
\pgfsyssoftpath@smallbuffer@items=\count297
\pgfsyssoftpath@bigbuffer@items=\count298
) (C:\Users\utente\AppData\Local\Programs\MiKTeX\tex/generic/pgf/systemlayer\pgfsysprotocol.code.tex
File: pgfsysprotocol.code.tex 2023-01-15 v3.1.10 (3.1.10)
)) (C:\Users\utente\AppData\Local\Programs\MiKTeX\tex/generic/pgf/basiclayer\pgfcore.code.tex
Package: pgfcore 2023-01-15 v3.1.10 (3.1.10)
 (C:\Users\utente\AppData\Local\Programs\MiKTeX\tex/generic/pgf/math\pgfmath.code.tex (C:\Users\utente\AppData\Local\Programs\MiKTeX\tex/generic/pgf/math\pgfmathutil.code.tex) (C:\Users\utente\AppData\Local\Programs\MiKTeX\tex/generic/pgf/math\pgfmathparser.code.tex
\pgfmath@dimen=\dimen178
\pgfmath@count=\count299
\pgfmath@box=\box56
\pgfmath@toks=\toks31
\pgfmath@stack@operand=\toks32
\pgfmath@stack@operation=\toks33
) (C:\Users\utente\AppData\Local\Programs\MiKTeX\tex/generic/pgf/math\pgfmathfunctions.code.tex) (C:\Users\utente\AppData\Local\Programs\MiKTeX\tex/generic/pgf/math\pgfmathfunctions.basic.code.tex) (C:\Users\utente\AppData\Local\Programs\MiKTeX\tex/generic/pgf/math\pgfmathfunctions.trigonometric.code.tex) (C:\Users\utente\AppData\Local\Programs\MiKTeX\tex/generic/pgf/math\pgfmathfunctions.random.code.tex) (C:\Users\utente\AppData\Local\Programs\MiKTeX\tex/generic/pgf/math\pgfmathfunctions.comparison.code.tex) (C:\Users\utente\AppData\Local\Programs\MiKTeX\tex/generic/pgf/math\pgfmathfunctions.base.code.tex) (C:\Users\utente\AppData\Local\Programs\MiKTeX\tex/generic/pgf/math\pgfmathfunctions.round.code.tex) (C:\Users\utente\AppData\Local\Programs\MiKTeX\tex/generic/pgf/math\pgfmathfunctions.misc.code.tex) (C:\Users\utente\AppData\Local\Programs\MiKTeX\tex/generic/pgf/math\pgfmathfunctions.integerarithmetics.code.tex) (C:\Users\utente\AppData\Local\Programs\MiKTeX\tex/generic/pgf/math\pgfmathcalc.code.tex) (C:\Users\utente\AppData\Local\Programs\MiKTeX\tex/generic/pgf/math\pgfmathfloat.code.tex
\c@pgfmathroundto@lastzeros=\count300
)) (C:\Users\utente\AppData\Local\Programs\MiKTeX\tex/generic/pgf/math\pgfint.code.tex) (C:\Users\utente\AppData\Local\Programs\MiKTeX\tex/generic/pgf/basiclayer\pgfcorepoints.code.tex
File: pgfcorepoints.code.tex 2023-01-15 v3.1.10 (3.1.10)
\pgf@picminx=\dimen179
\pgf@picmaxx=\dimen180
\pgf@picminy=\dimen181
\pgf@picmaxy=\dimen182
\pgf@pathminx=\dimen183
\pgf@pathmaxx=\dimen184
\pgf@pathminy=\dimen185
\pgf@pathmaxy=\dimen186
\pgf@xx=\dimen187
\pgf@xy=\dimen188
\pgf@yx=\dimen189
\pgf@yy=\dimen190
\pgf@zx=\dimen191
\pgf@zy=\dimen192
) (C:\Users\utente\AppData\Local\Programs\MiKTeX\tex/generic/pgf/basiclayer\pgfcorepathconstruct.code.tex
File: pgfcorepathconstruct.code.tex 2023-01-15 v3.1.10 (3.1.10)
\pgf@path@lastx=\dimen193
\pgf@path@lasty=\dimen194
) (C:\Users\utente\AppData\Local\Programs\MiKTeX\tex/generic/pgf/basiclayer\pgfcorepathusage.code.tex
File: pgfcorepathusage.code.tex 2023-01-15 v3.1.10 (3.1.10)
\pgf@shorten@end@additional=\dimen195
\pgf@shorten@start@additional=\dimen196
) (C:\Users\utente\AppData\Local\Programs\MiKTeX\tex/generic/pgf/basiclayer\pgfcorescopes.code.tex
File: pgfcorescopes.code.tex 2023-01-15 v3.1.10 (3.1.10)
\pgfpic=\box57
\pgf@hbox=\box58
\pgf@layerbox@main=\box59
\pgf@picture@serial@count=\count301
) (C:\Users\utente\AppData\Local\Programs\MiKTeX\tex/generic/pgf/basiclayer\pgfcoregraphicstate.code.tex
File: pgfcoregraphicstate.code.tex 2023-01-15 v3.1.10 (3.1.10)
\pgflinewidth=\dimen197
) (C:\Users\utente\AppData\Local\Programs\MiKTeX\tex/generic/pgf/basiclayer\pgfcoretransformations.code.tex
File: pgfcoretransformations.code.tex 2023-01-15 v3.1.10 (3.1.10)
\pgf@pt@x=\dimen198
\pgf@pt@y=\dimen199
\pgf@pt@temp=\dimen256
) (C:\Users\utente\AppData\Local\Programs\MiKTeX\tex/generic/pgf/basiclayer\pgfcorequick.code.tex
File: pgfcorequick.code.tex 2023-01-15 v3.1.10 (3.1.10)
) (C:\Users\utente\AppData\Local\Programs\MiKTeX\tex/generic/pgf/basiclayer\pgfcoreobjects.code.tex
File: pgfcoreobjects.code.tex 2023-01-15 v3.1.10 (3.1.10)
) (C:\Users\utente\AppData\Local\Programs\MiKTeX\tex/generic/pgf/basiclayer\pgfcorepathprocessing.code.tex
File: pgfcorepathprocessing.code.tex 2023-01-15 v3.1.10 (3.1.10)
) (C:\Users\utente\AppData\Local\Programs\MiKTeX\tex/generic/pgf/basiclayer\pgfcorearrows.code.tex
File: pgfcorearrows.code.tex 2023-01-15 v3.1.10 (3.1.10)
\pgfarrowsep=\dimen257
) (C:\Users\utente\AppData\Local\Programs\MiKTeX\tex/generic/pgf/basiclayer\pgfcoreshade.code.tex
File: pgfcoreshade.code.tex 2023-01-15 v3.1.10 (3.1.10)
\pgf@max=\dimen258
\pgf@sys@shading@range@num=\count302
\pgf@shadingcount=\count303
) (C:\Users\utente\AppData\Local\Programs\MiKTeX\tex/generic/pgf/basiclayer\pgfcoreimage.code.tex
File: pgfcoreimage.code.tex 2023-01-15 v3.1.10 (3.1.10)
) (C:\Users\utente\AppData\Local\Programs\MiKTeX\tex/generic/pgf/basiclayer\pgfcoreexternal.code.tex
File: pgfcoreexternal.code.tex 2023-01-15 v3.1.10 (3.1.10)
\pgfexternal@startupbox=\box60
) (C:\Users\utente\AppData\Local\Programs\MiKTeX\tex/generic/pgf/basiclayer\pgfcorelayers.code.tex
File: pgfcorelayers.code.tex 2023-01-15 v3.1.10 (3.1.10)
) (C:\Users\utente\AppData\Local\Programs\MiKTeX\tex/generic/pgf/basiclayer\pgfcoretransparency.code.tex
File: pgfcoretransparency.code.tex 2023-01-15 v3.1.10 (3.1.10)
) (C:\Users\utente\AppData\Local\Programs\MiKTeX\tex/generic/pgf/basiclayer\pgfcorepatterns.code.tex
File: pgfcorepatterns.code.tex 2023-01-15 v3.1.10 (3.1.10)
) (C:\Users\utente\AppData\Local\Programs\MiKTeX\tex/generic/pgf/basiclayer\pgfcorerdf.code.tex
File: pgfcorerdf.code.tex 2023-01-15 v3.1.10 (3.1.10)
))) (C:\Users\utente\AppData\Local\Programs\MiKTeX\tex/generic/pgf/modules\pgfmoduleshapes.code.tex
File: pgfmoduleshapes.code.tex 2023-01-15 v3.1.10 (3.1.10)
\pgfnodeparttextbox=\box61
) (C:\Users\utente\AppData\Local\Programs\MiKTeX\tex/generic/pgf/modules\pgfmoduleplot.code.tex
File: pgfmoduleplot.code.tex 2023-01-15 v3.1.10 (3.1.10)
) (C:\Users\utente\AppData\Local\Programs\MiKTeX\tex/latex/pgf/compatibility\pgfcomp-version-0-65.sty
Package: pgfcomp-version-0-65 2023-01-15 v3.1.10 (3.1.10)
\pgf@nodesepstart=\dimen259
\pgf@nodesepend=\dimen260
) (C:\Users\utente\AppData\Local\Programs\MiKTeX\tex/latex/pgf/compatibility\pgfcomp-version-1-18.sty
Package: pgfcomp-version-1-18 2023-01-15 v3.1.10 (3.1.10)
)) (C:\Users\utente\AppData\Local\Programs\MiKTeX\tex/latex/pgf/utilities\pgffor.sty (C:\Users\utente\AppData\Local\Programs\MiKTeX\tex/latex/pgf/utilities\pgfkeys.sty (C:\Users\utente\AppData\Local\Programs\MiKTeX\tex/generic/pgf/utilities\pgfkeys.code.tex)) (C:\Users\utente\AppData\Local\Programs\MiKTeX\tex/latex/pgf/math\pgfmath.sty (C:\Users\utente\AppData\Local\Programs\MiKTeX\tex/generic/pgf/math\pgfmath.code.tex)) (C:\Users\utente\AppData\Local\Programs\MiKTeX\tex/generic/pgf/utilities\pgffor.code.tex
Package: pgffor 2023-01-15 v3.1.10 (3.1.10)
\pgffor@iter=\dimen261
\pgffor@skip=\dimen262
\pgffor@stack=\toks34
\pgffor@toks=\toks35
)) (C:\Users\utente\AppData\Local\Programs\MiKTeX\tex/generic/pgf/frontendlayer/tikz\tikz.code.tex
Package: tikz 2023-01-15 v3.1.10 (3.1.10)
 (C:\Users\utente\AppData\Local\Programs\MiKTeX\tex/generic/pgf/libraries\pgflibraryplothandlers.code.tex
File: pgflibraryplothandlers.code.tex 2023-01-15 v3.1.10 (3.1.10)
\pgf@plot@mark@count=\count304
\pgfplotmarksize=\dimen263
)
\tikz@lastx=\dimen264
\tikz@lasty=\dimen265
\tikz@lastxsaved=\dimen266
\tikz@lastysaved=\dimen267
\tikz@lastmovetox=\dimen268
\tikz@lastmovetoy=\dimen269
\tikzleveldistance=\dimen270
\tikzsiblingdistance=\dimen271
\tikz@figbox=\box62
\tikz@figbox@bg=\box63
\tikz@tempbox=\box64
\tikz@tempbox@bg=\box65
\tikztreelevel=\count305
\tikznumberofchildren=\count306
\tikznumberofcurrentchild=\count307
\tikz@fig@count=\count308
 (C:\Users\utente\AppData\Local\Programs\MiKTeX\tex/generic/pgf/modules\pgfmodulematrix.code.tex
File: pgfmodulematrix.code.tex 2023-01-15 v3.1.10 (3.1.10)
\pgfmatrixcurrentrow=\count309
\pgfmatrixcurrentcolumn=\count310
\pgf@matrix@numberofcolumns=\count311
)
\tikz@expandcount=\count312
 (C:\Users\utente\AppData\Local\Programs\MiKTeX\tex/generic/pgf/frontendlayer/tikz/libraries\tikzlibrarytopaths.code.tex
File: tikzlibrarytopaths.code.tex 2023-01-15 v3.1.10 (3.1.10)
))) (C:\Users\utente\AppData\Local\Programs\MiKTeX\tex/generic/pgf/frontendlayer/tikz/libraries\tikzlibrarybackgrounds.code.tex
File: tikzlibrarybackgrounds.code.tex 2023-01-15 v3.1.10 (3.1.10)
\pgf@layerbox@background=\box66
\pgf@layerboxsaved@background=\box67
)) (C:\Users\utente\AppData\Local\Programs\MiKTeX\tex/latex/l3backend\l3backend-pdftex.def
File: l3backend-pdftex.def 2024-01-04 L3 backend support: PDF output (pdfTeX)
\l__color_backend_stack_int=\count313
\l__pdf_internal_box=\box68
=======
\c@pgf@counta=\count314
\c@pgf@countb=\count315
\c@pgf@countc=\count316
\c@pgf@countd=\count317
\t@pgf@toka=\toks28
\t@pgf@tokb=\toks29
\t@pgf@tokc=\toks30
\pgf@sys@id@count=\count318

(/Users/carmineamato/Library/Application Support/MiKTeX/texmfs/install/tex/gene
ric/pgf/systemlayer/pgf.cfg
File: pgf.cfg 2023-01-15 v3.1.10 (3.1.10)
)
Driver file for pgf: pgfsys-pdftex.def

(/Users/carmineamato/Library/Application Support/MiKTeX/texmfs/install/tex/gene
ric/pgf/systemlayer/pgfsys-pdftex.def
File: pgfsys-pdftex.def 2023-01-15 v3.1.10 (3.1.10)

(/Users/carmineamato/Library/Application Support/MiKTeX/texmfs/install/tex/gene
ric/pgf/systemlayer/pgfsys-common-pdf.def
File: pgfsys-common-pdf.def 2023-01-15 v3.1.10 (3.1.10)
)))
(/Users/carmineamato/Library/Application Support/MiKTeX/texmfs/install/tex/gene
ric/pgf/systemlayer/pgfsyssoftpath.code.tex
File: pgfsyssoftpath.code.tex 2023-01-15 v3.1.10 (3.1.10)
\pgfsyssoftpath@smallbuffer@items=\count319
\pgfsyssoftpath@bigbuffer@items=\count320
)
(/Users/carmineamato/Library/Application Support/MiKTeX/texmfs/install/tex/gene
ric/pgf/systemlayer/pgfsysprotocol.code.tex
File: pgfsysprotocol.code.tex 2023-01-15 v3.1.10 (3.1.10)
))
(/Users/carmineamato/Library/Application Support/MiKTeX/texmfs/install/tex/gene
ric/pgf/basiclayer/pgfcore.code.tex
Package: pgfcore 2023-01-15 v3.1.10 (3.1.10)

(/Users/carmineamato/Library/Application Support/MiKTeX/texmfs/install/tex/gene
ric/pgf/math/pgfmath.code.tex
(/Users/carmineamato/Library/Application Support/MiKTeX/texmfs/install/tex/gene
ric/pgf/math/pgfmathutil.code.tex)
(/Users/carmineamato/Library/Application Support/MiKTeX/texmfs/install/tex/gene
ric/pgf/math/pgfmathparser.code.tex
\pgfmath@dimen=\dimen186
\pgfmath@count=\count321
\pgfmath@box=\box58
\pgfmath@toks=\toks31
\pgfmath@stack@operand=\toks32
\pgfmath@stack@operation=\toks33
)
(/Users/carmineamato/Library/Application Support/MiKTeX/texmfs/install/tex/gene
ric/pgf/math/pgfmathfunctions.code.tex)
(/Users/carmineamato/Library/Application Support/MiKTeX/texmfs/install/tex/gene
ric/pgf/math/pgfmathfunctions.basic.code.tex)
(/Users/carmineamato/Library/Application Support/MiKTeX/texmfs/install/tex/gene
ric/pgf/math/pgfmathfunctions.trigonometric.code.tex)
(/Users/carmineamato/Library/Application Support/MiKTeX/texmfs/install/tex/gene
ric/pgf/math/pgfmathfunctions.random.code.tex)
(/Users/carmineamato/Library/Application Support/MiKTeX/texmfs/install/tex/gene
ric/pgf/math/pgfmathfunctions.comparison.code.tex)
(/Users/carmineamato/Library/Application Support/MiKTeX/texmfs/install/tex/gene
ric/pgf/math/pgfmathfunctions.base.code.tex)
(/Users/carmineamato/Library/Application Support/MiKTeX/texmfs/install/tex/gene
ric/pgf/math/pgfmathfunctions.round.code.tex)
(/Users/carmineamato/Library/Application Support/MiKTeX/texmfs/install/tex/gene
ric/pgf/math/pgfmathfunctions.misc.code.tex)
(/Users/carmineamato/Library/Application Support/MiKTeX/texmfs/install/tex/gene
ric/pgf/math/pgfmathfunctions.integerarithmetics.code.tex)
(/Users/carmineamato/Library/Application Support/MiKTeX/texmfs/install/tex/gene
ric/pgf/math/pgfmathcalc.code.tex)
(/Users/carmineamato/Library/Application Support/MiKTeX/texmfs/install/tex/gene
ric/pgf/math/pgfmathfloat.code.tex
\c@pgfmathroundto@lastzeros=\count322
))
(/Users/carmineamato/Library/Application Support/MiKTeX/texmfs/install/tex/gene
ric/pgf/math/pgfint.code.tex)
(/Users/carmineamato/Library/Application Support/MiKTeX/texmfs/install/tex/gene
ric/pgf/basiclayer/pgfcorepoints.code.tex
File: pgfcorepoints.code.tex 2023-01-15 v3.1.10 (3.1.10)
\pgf@picminx=\dimen187
\pgf@picmaxx=\dimen188
\pgf@picminy=\dimen189
\pgf@picmaxy=\dimen190
\pgf@pathminx=\dimen191
\pgf@pathmaxx=\dimen192
\pgf@pathminy=\dimen193
\pgf@pathmaxy=\dimen194
\pgf@xx=\dimen195
\pgf@xy=\dimen196
\pgf@yx=\dimen197
\pgf@yy=\dimen198
\pgf@zx=\dimen199
\pgf@zy=\dimen256
)
(/Users/carmineamato/Library/Application Support/MiKTeX/texmfs/install/tex/gene
ric/pgf/basiclayer/pgfcorepathconstruct.code.tex
File: pgfcorepathconstruct.code.tex 2023-01-15 v3.1.10 (3.1.10)
\pgf@path@lastx=\dimen257
\pgf@path@lasty=\dimen258
)
(/Users/carmineamato/Library/Application Support/MiKTeX/texmfs/install/tex/gene
ric/pgf/basiclayer/pgfcorepathusage.code.tex
File: pgfcorepathusage.code.tex 2023-01-15 v3.1.10 (3.1.10)
\pgf@shorten@end@additional=\dimen259
\pgf@shorten@start@additional=\dimen260
)
(/Users/carmineamato/Library/Application Support/MiKTeX/texmfs/install/tex/gene
ric/pgf/basiclayer/pgfcorescopes.code.tex
File: pgfcorescopes.code.tex 2023-01-15 v3.1.10 (3.1.10)
\pgfpic=\box59
\pgf@hbox=\box60
\pgf@layerbox@main=\box61
\pgf@picture@serial@count=\count323
)
(/Users/carmineamato/Library/Application Support/MiKTeX/texmfs/install/tex/gene
ric/pgf/basiclayer/pgfcoregraphicstate.code.tex
File: pgfcoregraphicstate.code.tex 2023-01-15 v3.1.10 (3.1.10)
\pgflinewidth=\dimen261
)
(/Users/carmineamato/Library/Application Support/MiKTeX/texmfs/install/tex/gene
ric/pgf/basiclayer/pgfcoretransformations.code.tex
File: pgfcoretransformations.code.tex 2023-01-15 v3.1.10 (3.1.10)
\pgf@pt@x=\dimen262
\pgf@pt@y=\dimen263
\pgf@pt@temp=\dimen264
)
(/Users/carmineamato/Library/Application Support/MiKTeX/texmfs/install/tex/gene
ric/pgf/basiclayer/pgfcorequick.code.tex
File: pgfcorequick.code.tex 2023-01-15 v3.1.10 (3.1.10)
)
(/Users/carmineamato/Library/Application Support/MiKTeX/texmfs/install/tex/gene
ric/pgf/basiclayer/pgfcoreobjects.code.tex
File: pgfcoreobjects.code.tex 2023-01-15 v3.1.10 (3.1.10)
)
(/Users/carmineamato/Library/Application Support/MiKTeX/texmfs/install/tex/gene
ric/pgf/basiclayer/pgfcorepathprocessing.code.tex
File: pgfcorepathprocessing.code.tex 2023-01-15 v3.1.10 (3.1.10)
)
(/Users/carmineamato/Library/Application Support/MiKTeX/texmfs/install/tex/gene
ric/pgf/basiclayer/pgfcorearrows.code.tex
File: pgfcorearrows.code.tex 2023-01-15 v3.1.10 (3.1.10)
\pgfarrowsep=\dimen265
)
(/Users/carmineamato/Library/Application Support/MiKTeX/texmfs/install/tex/gene
ric/pgf/basiclayer/pgfcoreshade.code.tex
File: pgfcoreshade.code.tex 2023-01-15 v3.1.10 (3.1.10)
\pgf@max=\dimen266
\pgf@sys@shading@range@num=\count324
\pgf@shadingcount=\count325
)
(/Users/carmineamato/Library/Application Support/MiKTeX/texmfs/install/tex/gene
ric/pgf/basiclayer/pgfcoreimage.code.tex
File: pgfcoreimage.code.tex 2023-01-15 v3.1.10 (3.1.10)
)
(/Users/carmineamato/Library/Application Support/MiKTeX/texmfs/install/tex/gene
ric/pgf/basiclayer/pgfcoreexternal.code.tex
File: pgfcoreexternal.code.tex 2023-01-15 v3.1.10 (3.1.10)
\pgfexternal@startupbox=\box62
)
(/Users/carmineamato/Library/Application Support/MiKTeX/texmfs/install/tex/gene
ric/pgf/basiclayer/pgfcorelayers.code.tex
File: pgfcorelayers.code.tex 2023-01-15 v3.1.10 (3.1.10)
)
(/Users/carmineamato/Library/Application Support/MiKTeX/texmfs/install/tex/gene
ric/pgf/basiclayer/pgfcoretransparency.code.tex
File: pgfcoretransparency.code.tex 2023-01-15 v3.1.10 (3.1.10)
)
(/Users/carmineamato/Library/Application Support/MiKTeX/texmfs/install/tex/gene
ric/pgf/basiclayer/pgfcorepatterns.code.tex
File: pgfcorepatterns.code.tex 2023-01-15 v3.1.10 (3.1.10)
)
(/Users/carmineamato/Library/Application Support/MiKTeX/texmfs/install/tex/gene
ric/pgf/basiclayer/pgfcorerdf.code.tex
File: pgfcorerdf.code.tex 2023-01-15 v3.1.10 (3.1.10)
)))
(/Users/carmineamato/Library/Application Support/MiKTeX/texmfs/install/tex/gene
ric/pgf/modules/pgfmoduleshapes.code.tex
File: pgfmoduleshapes.code.tex 2023-01-15 v3.1.10 (3.1.10)
\pgfnodeparttextbox=\box63
)
(/Users/carmineamato/Library/Application Support/MiKTeX/texmfs/install/tex/gene
ric/pgf/modules/pgfmoduleplot.code.tex
File: pgfmoduleplot.code.tex 2023-01-15 v3.1.10 (3.1.10)
)
(/Users/carmineamato/Library/Application Support/MiKTeX/texmfs/install/tex/late
x/pgf/compatibility/pgfcomp-version-0-65.sty
Package: pgfcomp-version-0-65 2023-01-15 v3.1.10 (3.1.10)
\pgf@nodesepstart=\dimen267
\pgf@nodesepend=\dimen268
)
(/Users/carmineamato/Library/Application Support/MiKTeX/texmfs/install/tex/late
x/pgf/compatibility/pgfcomp-version-1-18.sty
Package: pgfcomp-version-1-18 2023-01-15 v3.1.10 (3.1.10)
))
(/Users/carmineamato/Library/Application Support/MiKTeX/texmfs/install/tex/late
x/pgf/utilities/pgffor.sty
(/Users/carmineamato/Library/Application Support/MiKTeX/texmfs/install/tex/late
x/pgf/utilities/pgfkeys.sty
(/Users/carmineamato/Library/Application Support/MiKTeX/texmfs/install/tex/gene
ric/pgf/utilities/pgfkeys.code.tex))
(/Users/carmineamato/Library/Application Support/MiKTeX/texmfs/install/tex/late
x/pgf/math/pgfmath.sty
(/Users/carmineamato/Library/Application Support/MiKTeX/texmfs/install/tex/gene
ric/pgf/math/pgfmath.code.tex))
(/Users/carmineamato/Library/Application Support/MiKTeX/texmfs/install/tex/gene
ric/pgf/utilities/pgffor.code.tex
Package: pgffor 2023-01-15 v3.1.10 (3.1.10)
\pgffor@iter=\dimen269
\pgffor@skip=\dimen270
\pgffor@stack=\toks34
\pgffor@toks=\toks35
))
(/Users/carmineamato/Library/Application Support/MiKTeX/texmfs/install/tex/gene
ric/pgf/frontendlayer/tikz/tikz.code.tex
Package: tikz 2023-01-15 v3.1.10 (3.1.10)

(/Users/carmineamato/Library/Application Support/MiKTeX/texmfs/install/tex/gene
ric/pgf/libraries/pgflibraryplothandlers.code.tex
File: pgflibraryplothandlers.code.tex 2023-01-15 v3.1.10 (3.1.10)
\pgf@plot@mark@count=\count326
\pgfplotmarksize=\dimen271
)
\tikz@lastx=\dimen272
\tikz@lasty=\dimen273
\tikz@lastxsaved=\dimen274
\tikz@lastysaved=\dimen275
\tikz@lastmovetox=\dimen276
\tikz@lastmovetoy=\dimen277
\tikzleveldistance=\dimen278
\tikzsiblingdistance=\dimen279
\tikz@figbox=\box64
\tikz@figbox@bg=\box65
\tikz@tempbox=\box66
\tikz@tempbox@bg=\box67
\tikztreelevel=\count327
\tikznumberofchildren=\count328
\tikznumberofcurrentchild=\count329
\tikz@fig@count=\count330

(/Users/carmineamato/Library/Application Support/MiKTeX/texmfs/install/tex/gene
ric/pgf/modules/pgfmodulematrix.code.tex
File: pgfmodulematrix.code.tex 2023-01-15 v3.1.10 (3.1.10)
\pgfmatrixcurrentrow=\count331
\pgfmatrixcurrentcolumn=\count332
\pgf@matrix@numberofcolumns=\count333
)
\tikz@expandcount=\count334

(/Users/carmineamato/Library/Application Support/MiKTeX/texmfs/install/tex/gene
ric/pgf/frontendlayer/tikz/libraries/tikzlibrarytopaths.code.tex
File: tikzlibrarytopaths.code.tex 2023-01-15 v3.1.10 (3.1.10)
)))
(/Users/carmineamato/Library/Application Support/MiKTeX/texmfs/install/tex/gene
ric/pgf/frontendlayer/tikz/libraries/tikzlibrarybackgrounds.code.tex
File: tikzlibrarybackgrounds.code.tex 2023-01-15 v3.1.10 (3.1.10)
\pgf@layerbox@background=\box68
\pgf@layerboxsaved@background=\box69
))
(/Users/carmineamato/Library/Application Support/MiKTeX/texmfs/install/tex/late
x/l3backend/l3backend-pdftex.def
File: l3backend-pdftex.def 2025-06-09 L3 backend support: PDF output (pdfTeX)
\l__color_backend_stack_int=\count335
>>>>>>> Stashed changes
) (main.aux)
\openout1 = `main.aux'.

LaTeX Font Info:    Checking defaults for OML/cmm/m/it on input line 31.
LaTeX Font Info:    ... okay on input line 31.
LaTeX Font Info:    Checking defaults for OMS/cmsy/m/n on input line 31.
LaTeX Font Info:    ... okay on input line 31.
LaTeX Font Info:    Checking defaults for OT1/cmr/m/n on input line 31.
LaTeX Font Info:    ... okay on input line 31.
LaTeX Font Info:    Checking defaults for T1/cmr/m/n on input line 31.
LaTeX Font Info:    ... okay on input line 31.
LaTeX Font Info:    Checking defaults for TS1/cmr/m/n on input line 31.
LaTeX Font Info:    ... okay on input line 31.
LaTeX Font Info:    Checking defaults for OMX/cmex/m/n on input line 31.
LaTeX Font Info:    ... okay on input line 31.
LaTeX Font Info:    Checking defaults for U/cmr/m/n on input line 31.
LaTeX Font Info:    ... okay on input line 31.
LaTeX Font Info:    Checking defaults for PD1/pdf/m/n on input line 31.
LaTeX Font Info:    ... okay on input line 31.
LaTeX Font Info:    Checking defaults for PU/pdf/m/n on input line 31.
LaTeX Font Info:    ... okay on input line 31.

*geometry* driver: auto-detecting
*geometry* detected driver: pdftex
*geometry* verbose mode - [ preamble ] result:
* driver: pdftex
* paper: <default>
* layout: <same size as paper>
* layoutoffset:(h,v)=(0.0pt,0.0pt)
* modes: 
* h-part:(L,W,R)=(85.35826pt, 443.57848pt, 85.35826pt)
* v-part:(T,H,B)=(85.35826pt, 624.25346pt, 85.35826pt)
* \paperwidth=614.295pt
* \paperheight=794.96999pt
* \textwidth=443.57848pt
* \textheight=624.25346pt
* \oddsidemargin=13.08827pt
* \evensidemargin=13.08827pt
* \topmargin=-18.78552pt
* \headheight=12.0pt
* \headsep=19.8738pt
* \topskip=12.0pt
* \footskip=30.0pt
* \marginparwidth=47.0pt
* \marginparsep=7.0pt
* \columnsep=10.0pt
* \skip\footins=10.8pt plus 4.0pt minus 2.0pt
* \hoffset=0.0pt
* \voffset=0.0pt
* \mag=1000
* \@twocolumnfalse
* \@twosidefalse
* \@mparswitchfalse
* \@reversemarginfalse
* (1in=72.27pt=25.4mm, 1cm=28.453pt)

LaTeX Info: Redefining \it@ocap on input line 31.
LaTeX Info: Redefining \it@ccap on input line 31.
<<<<<<< Updated upstream
(C:\Users\utente\AppData\Local\Programs\MiKTeX\tex/context/base/mkii\supp-pdf.mkii
[Loading MPS to PDF converter (version 2006.09.02).]
\scratchcounter=\count314
\scratchdimen=\dimen272
\scratchbox=\box69
\nofMPsegments=\count315
\nofMParguments=\count316
\everyMPshowfont=\toks36
\MPscratchCnt=\count317
\MPscratchDim=\dimen273
\MPnumerator=\count318
\makeMPintoPDFobject=\count319
\everyMPtoPDFconversion=\toks37
) (C:\Users\utente\AppData\Local\Programs\MiKTeX\tex/latex/epstopdf-pkg\epstopdf-base.sty
Package: epstopdf-base 2020-01-24 v2.11 Base part for package epstopdf
Package epstopdf-base Info: Redefining graphics rule for `.eps' on input line 485.
 (C:\Users\utente\AppData\Local\Programs\MiKTeX\tex/latex/00miktex\epstopdf-sys.cfg
File: epstopdf-sys.cfg 2021/03/18 v2.0 Configuration of epstopdf for MiKTeX
))
\c@lstlisting=\count320
Package hyperref Info: Link coloring ON on input line 31.
\@outlinefile=\write4
\openout4 = `main.out'.


c:/Users/utente/Documents/Università/Progetto BD-OO/UninaFoodLab/Progetto Object Orientation/Documentazione/main.tex:31: I can't write on file `main.pdf'.
(Press Enter to retry, or Control-C to exit; default file extension is `.pdf')
Please type another file name for output
c:/Users/utente/Documents/Università/Progetto BD-OO/UninaFoodLab/Progetto Object Orientation/Documentazione/main.tex:31: Emergency stop.
<to be read again> 
                   \edef 
l.31 \begin{document}
                     
*** (job aborted, file error in nonstop mode)

 
Here is how much of TeX's memory you used:
 22728 strings out of 474486
 423141 string characters out of 5743283
 1924542 words of memory out of 5000000
 44685 multiletter control sequences out of 15000+600000
 559131 words of font info for 38 fonts, out of 8000000 for 9000
 1141 hyphenation exceptions out of 8191
 99i,0n,101p,525b,265s stack positions out of 10000i,1000n,20000p,200000b,200000s
c:/Users/utente/Documents/Università/Progetto BD-OO/UninaFoodLab/Progetto Object Orientation/Documentazione/main.tex:31:  ==> Fatal error occurred, no output PDF file produced!
=======

(/Users/carmineamato/Library/Application Support/MiKTeX/texmfs/install/tex/cont
ext/base/mkii/supp-pdf.mkii
[Loading MPS to PDF converter (version 2006.09.02).]
\scratchcounter=\count336
\scratchdimen=\dimen280
\scratchbox=\box70
\nofMPsegments=\count337
\nofMParguments=\count338
\everyMPshowfont=\toks36
\MPscratchCnt=\count339
\MPscratchDim=\dimen281
\MPnumerator=\count340
\makeMPintoPDFobject=\count341
\everyMPtoPDFconversion=\toks37
)
(/Users/carmineamato/Library/Application Support/MiKTeX/texmfs/install/tex/late
x/epstopdf-pkg/epstopdf-base.sty
Package: epstopdf-base 2020-01-24 v2.11 Base part for package epstopdf
Package epstopdf-base Info: Redefining graphics rule for `.eps' on input line 4
85.

(/Users/carmineamato/Library/Application Support/MiKTeX/texmfs/install/tex/late
x/00miktex/epstopdf-sys.cfg
File: epstopdf-sys.cfg 2021/03/18 v2.0 Configuration of epstopdf for MiKTeX
))
\c@lstlisting=\count342
Package hyperref Info: Link coloring ON on input line 31.
 (main.out) (main.out)
\@outlinefile=\write4
\openout4 = `main.out'.

<logo-federico-II.pdf, id=226, 501.79471pt x 499.8675pt>
File: logo-federico-II.pdf Graphic file (type pdf)
<use logo-federico-II.pdf>
Package pdftex.def Info: logo-federico-II.pdf  used on input line 33.
(pdftex.def)             Requested size: 99.58464pt x 99.20135pt.


[1


{/Users/carmineamato/Library/Application Support/MiKTeX/texmfs/data/fonts/map/p
dftex/pdftex.map} <./logo-federico-II.pdf>]


pdfTeX warning (ext4): destination with the same identifier (name{page.1}) has 
been already used, duplicate ignored
<to be read again> 
                   \relax 
l.37     \tableofcontents
                          [1] (main.toc
LaTeX Font Info:    External font `cmex10' loaded for size
(Font)              <12> on input line 4.
LaTeX Font Info:    External font `cmex10' loaded for size
(Font)              <8> on input line 4.
LaTeX Font Info:    External font `cmex10' loaded for size
(Font)              <6> on input line 4.


[2

])
\tf@toc=\write5
\openout5 = `main.toc'.



[3] (inputs/DescrizioneDelProblema.tex
Capitolo 1.
)

[4

]

[5]
Capitolo 2.
(inputs/UML.tex
<UninaFoodLabApp.png, id=318, 11153.67pt x 5669.18pt>
File: UninaFoodLabApp.png Graphic file (type png)
<use UninaFoodLabApp.png>
Package pdftex.def Info: UninaFoodLabApp.png  used on input line 5.
(pdftex.def)             Requested size: 399.21791pt x 202.8533pt.
) (inputs/Architettura.tex

[6

 <./UninaFoodLabApp.png (PNG copy)>])

[7]
Capitolo 3.
(inputs/DescrizioneBoundary.tex

[8

])

[9] (inputs/DescrizioneControl.tex)

[10] (inputs/descrizioneEntity.tex

[11])

[12] (inputs/DescrizioneDaoInterface.tex)

[13] (inputs/DescrizioneDao.tex

[14])

[15] (inputs/DescrizioneDBConnection.tex)

[16]
Capitolo 4.
(inputs/GuidaAll'Utente/Login Chef.tex
<Images/Login.png, id=369, 814.04124pt x 624.3325pt>
File: Images/Login.png Graphic file (type png)
<use Images/Login.png>
Package pdftex.def Info: Images/Login.png  used on input line 5.
(pdftex.def)             Requested size: 354.86412pt x 272.16356pt.
)
(inputs/GuidaAll'Utente/HomepageChef.tex

[17

 <./Images/Login.png>]
<Images/Homepage.png, id=377, 1025.8325pt x 724.7075pt>
File: Images/Homepage.png Graphic file (type png)
<use Images/Homepage.png>
Package pdftex.def Info: Images/Homepage.png  used on input line 5.
(pdftex.def)             Requested size: 354.86412pt x 250.6989pt.
)

[18 <./Images/Homepage.png>] (inputs/GuidaAll'Utente/NuovoCorso.tex
<Images/NuovoCorso.png, id=385, 749.80125pt x 684.5575pt>
File: Images/NuovoCorso.png Graphic file (type png)
<use Images/NuovoCorso.png>
Package pdftex.def Info: Images/NuovoCorso.png  used on input line 4.
(pdftex.def)             Requested size: 399.21791pt x 364.48502pt.
)

[19 <./Images/NuovoCorso.png>] (inputs/GuidaAll'Utente/IMieiCorsi.tex
<Images/IMieiCorsi.png, id=392, 925.4575pt x 624.3325pt>
File: Images/IMieiCorsi.png Graphic file (type png)
<use Images/IMieiCorsi.png>
Package pdftex.def Info: Images/IMieiCorsi.png  used on input line 5.
(pdftex.def)             Requested size: 354.86412pt x 239.40181pt.


[20 <./Images/IMieiCorsi.png>]
<Images/GestioneSessioni.png, id=399, 1126.2075pt x 825.0825pt>
File: Images/GestioneSessioni.png Graphic file (type png)
<use Images/GestioneSessioni.png>
Package pdftex.def Info: Images/GestioneSessioni.png  used on input line 20.
(pdftex.def)             Requested size: 354.86412pt x 259.9779pt.


[21 <./Images/GestioneSessioni.png>]
<Images/NuovaSessione.png, id=406, 624.3325pt x 523.9575pt>
File: Images/NuovaSessione.png Graphic file (type png)
<use Images/NuovaSessione.png>
Package pdftex.def Info: Images/NuovaSessione.png  used on input line 35.
(pdftex.def)             Requested size: 354.86412pt x 297.81941pt.


[22 <./Images/NuovaSessione.png>]
<Images/GestioneRicette.png, id=413, 724.7075pt x 624.3325pt>
File: Images/GestioneRicette.png Graphic file (type png)
<use Images/GestioneRicette.png>
Package pdftex.def Info: Images/GestioneRicette.png  used on input line 49.
(pdftex.def)             Requested size: 354.86412pt x 305.71602pt.


[23 <./Images/GestioneRicette.png>]
<Images/SovrascrizioneRicette.png, id=420, 604.2575pt x 301.125pt>
File: Images/SovrascrizioneRicette.png Graphic file (type png)
<use Images/SovrascrizioneRicette.png>
Package pdftex.def Info: Images/SovrascrizioneRicette.png  used on input line 6
0.
(pdftex.def)             Requested size: 354.86412pt x 176.84433pt.
)

[24 <./Images/SovrascrizioneRicette.png>] (inputs/GuidaAll'Utente/Notifiche.tex
<Images/Notifiche.png, id=428, 1025.8325pt x 724.7075pt>
File: Images/Notifiche.png Graphic file (type png)
<use Images/Notifiche.png>
Package pdftex.def Info: Images/Notifiche.png  used on input line 4.
(pdftex.def)             Requested size: 354.86412pt x 250.6989pt.


[25 <./Images/Notifiche.png>]
<Images/InviaNotifica.png, id=435, 724.7075pt x 624.3325pt>
File: Images/InviaNotifica.png Graphic file (type png)
<use Images/InviaNotifica.png>
Package pdftex.def Info: Images/InviaNotifica.png  used on input line 14.
(pdftex.def)             Requested size: 354.86412pt x 305.71602pt.
)

[26 <./Images/InviaNotifica.png>] (inputs/GuidaAll'Utente/RiepilogoMensile.tex
<Images/RiepilogoMensile.png, id=442, 1326.9575pt x 925.4575pt>
File: Images/RiepilogoMensile.png Graphic file (type png)
<use Images/RiepilogoMensile.png>
Package pdftex.def Info: Images/RiepilogoMensile.png  used on input line 4.
(pdftex.def)             Requested size: 399.21791pt x 278.41606pt.
)

[27 <./Images/RiepilogoMensile.png>] (inputs/repository.tex
Capitolo 5.
)

[28

] (main.aux)
 ***********
LaTeX2e <2025-06-01> patch level 1
L3 programming layer <2025-06-09>
 ***********
Package rerunfilecheck Info: File `main.out' has not changed.
(rerunfilecheck)             Checksum: A8BCC6A038694CDABAD84F332668B326;8407.
 ) 
Here is how much of TeX's memory you used:
 23223 strings out of 468226
 441340 string characters out of 5420954
 830925 words of memory out of 5000000
 51249 multiletter control sequences out of 15000+600000
 639483 words of font info for 63 fonts, out of 8000000 for 9000
 1141 hyphenation exceptions out of 8191
 99i,6n,101p,562b,615s stack positions out of 10000i,1000n,20000p,200000b,200000s
 </Users/carmineamato/Library/Application Support/MiKTeX/texmfs/data/fonts/pk
/ljfour/jknappen/ec/dpi600/ecbx1440.pk> </Users/carmineamato/Library/Applicatio
n Support/MiKTeX/texmfs/data/fonts/pk/ljfour/jknappen/ec/dpi600/ecbi1728.pk> </
Users/carmineamato/Library/Application Support/MiKTeX/texmfs/data/fonts/pk/ljfo
ur/jknappen/ec/dpi600/tcrm1200.pk> </Users/carmineamato/Library/Application Sup
port/MiKTeX/texmfs/data/fonts/pk/ljfour/jknappen/ec/dpi600/ecbx1728.pk> </Users
/carmineamato/Library/Application Support/MiKTeX/texmfs/data/fonts/pk/ljfour/jk
nappen/ec/dpi600/ecti1200.pk> </Users/carmineamato/Library/Application Support/
MiKTeX/texmfs/data/fonts/pk/ljfour/jknappen/ec/dpi600/ecbx1200.pk> </Users/carm
ineamato/Library/Application Support/MiKTeX/texmfs/data/fonts/pk/ljfour/jknappe
n/ec/dpi600/ecbx2488.pk> </Users/carmineamato/Library/Application Support/MiKTe
X/texmfs/data/fonts/pk/ljfour/jknappen/ec/dpi600/ecrm1200.pk> </Users/carmineam
ato/Library/Application Support/MiKTeX/texmfs/data/fonts/pk/ljfour/jknappen/ec/
dpi600/ecrm1440.pk> </Users/carmineamato/Library/Application Support/MiKTeX/tex
mfs/data/fonts/pk/ljfour/jknappen/ec/dpi600/eccc2488.pk> </Users/carmineamato/L
ibrary/Application Support/MiKTeX/texmfs/data/fonts/pk/ljfour/jknappen/ec/dpi60
0/eccc1440.pk> </Users/carmineamato/Library/Application Support/MiKTeX/texmfs/d
ata/fonts/pk/ljfour/jknappen/ec/dpi600/eccc1728.pk>
Output written on main.pdf (29 pages, 4888259 bytes).
PDF statistics:
 882 PDF objects out of 1000 (max. 8388607)
 97 named destinations out of 1000 (max. 500000)
 518 words of extra memory for PDF output out of 10000 (max. 10000000)

>>>>>>> Stashed changes
