\BOOKMARK [0][-]{chapter.1}{\376\377\000D\000e\000s\000c\000r\000i\000z\000i\000o\000n\000e\000\040\000d\000e\000l\000\040\000p\000r\000o\000g\000e\000t\000t\000o}{}% 1
\BOOKMARK [1][-]{section.1.1}{\376\377\000D\000e\000s\000c\000r\000i\000z\000i\000o\000n\000e\000\040\000s\000i\000n\000t\000e\000t\000i\000c\000a\000\040\000d\000e\000l\000\040\000p\000r\000o\000b\000l\000e\000m\000a}{chapter.1}% 2
\BOOKMARK [0][-]{chapter.2}{\376\377\000D\000i\000a\000g\000r\000a\000m\000m\000a\000\040\000d\000e\000l\000l\000e\000\040\000C\000l\000a\000s\000s\000i}{}% 3
\BOOKMARK [1][-]{section.2.1}{\376\377\000U\000M\000L}{chapter.2}% 4
\BOOKMARK [1][-]{section.2.2}{\376\377\000A\000r\000c\000h\000i\000t\000e\000t\000t\000u\000r\000a}{chapter.2}% 5
\BOOKMARK [0][-]{chapter.3}{\376\377\000D\000e\000s\000c\000r\000i\000z\000i\000o\000n\000e\000\040\000d\000e\000i\000\040\000P\000a\000c\000k\000a\000g\000e\000\040\000e\000\040\000d\000e\000l\000l\000e\000\040\000C\000l\000a\000s\000s\000i}{}% 6
\BOOKMARK [1][-]{section.3.1}{\376\377\000P\000a\000c\000k\000a\000g\000e\000\040\000B\000o\000u\000n\000d\000a\000r\000y}{chapter.3}% 7
\BOOKMARK [2][-]{subsection.3.1.1}{\376\377\000C\000l\000a\000s\000s\000e\000\040\000L\000o\000g\000i\000n\000F\000r\000a\000m\000e}{section.3.1}% 8
\BOOKMARK [2][-]{subsection.3.1.2}{\376\377\000C\000l\000a\000s\000s\000e\000\040\000H\000o\000m\000e\000p\000a\000g\000e\000C\000h\000e\000f}{section.3.1}% 9
\BOOKMARK [2][-]{subsection.3.1.3}{\376\377\000C\000l\000a\000s\000s\000e\000\040\000N\000u\000o\000v\000o\000C\000o\000r\000s\000o\000F\000r\000a\000m\000e}{section.3.1}% 10
\BOOKMARK [2][-]{subsection.3.1.4}{\376\377\000C\000l\000a\000s\000s\000e\000\040\000C\000o\000r\000s\000i\000F\000r\000a\000m\000e}{section.3.1}% 11
\BOOKMARK [2][-]{subsection.3.1.5}{\376\377\000C\000l\000a\000s\000s\000e\000\040\000S\000e\000s\000s\000i\000o\000n\000i\000F\000r\000a\000m\000e}{section.3.1}% 12
\BOOKMARK [2][-]{subsection.3.1.6}{\376\377\000C\000l\000a\000s\000s\000e\000\040\000I\000n\000s\000e\000r\000i\000m\000e\000n\000t\000o\000S\000e\000s\000s\000i\000o\000n\000e\000F\000r\000a\000m\000e}{section.3.1}% 13
\BOOKMARK [2][-]{subsection.3.1.7}{\376\377\000C\000l\000a\000s\000s\000e\000\040\000R\000i\000c\000e\000t\000t\000e\000F\000r\000a\000m\000e}{section.3.1}% 14
\BOOKMARK [2][-]{subsection.3.1.8}{\376\377\000C\000l\000a\000s\000s\000e\000\040\000N\000o\000t\000i\000f\000i\000c\000h\000e\000F\000r\000a\000m\000e}{section.3.1}% 15
\BOOKMARK [2][-]{subsection.3.1.9}{\376\377\000C\000l\000a\000s\000s\000e\000\040\000I\000n\000v\000i\000o\000N\000o\000t\000i\000f\000i\000c\000h\000e\000F\000r\000a\000m\000e}{section.3.1}% 16
\BOOKMARK [2][-]{subsection.3.1.10}{\376\377\000C\000l\000a\000s\000s\000e\000\040\000R\000i\000e\000p\000i\000l\000o\000g\000o\000M\000e\000n\000s\000i\000l\000e\000F\000r\000a\000m\000e}{section.3.1}% 17
\BOOKMARK [1][-]{section.3.2}{\376\377\000P\000a\000c\000k\000a\000g\000e\000\040\000C\000o\000n\000t\000r\000o\000l}{chapter.3}% 18
\BOOKMARK [2][-]{subsection.3.2.1}{\376\377\000C\000l\000a\000s\000s\000e\000\040\000C\000o\000n\000t\000r\000o\000l\000l\000e\000r}{section.3.2}% 19
\BOOKMARK [1][-]{section.3.3}{\376\377\000P\000a\000c\000k\000a\000g\000e\000\040\000E\000n\000t\000i\000t\000y}{chapter.3}% 20
\BOOKMARK [2][-]{subsection.3.3.1}{\376\377\000C\000l\000a\000s\000s\000e\000\040\000C\000h\000e\000f}{section.3.3}% 21
\BOOKMARK [2][-]{subsection.3.3.2}{\376\377\000C\000l\000a\000s\000s\000e\000\040\000C\000o\000r\000s\000o}{section.3.3}% 22
\BOOKMARK [2][-]{subsection.3.3.3}{\376\377\000C\000l\000a\000s\000s\000e\000\040\000N\000o\000t\000i\000f\000i\000c\000a}{section.3.3}% 23
\BOOKMARK [2][-]{subsection.3.3.4}{\376\377\000C\000l\000a\000s\000s\000e\000\040\000P\000r\000e\000p\000a\000r\000a}{section.3.3}% 24
\BOOKMARK [2][-]{subsection.3.3.5}{\376\377\000C\000l\000a\000s\000s\000e\000\040\000R\000i\000c\000e\000t\000t\000a}{section.3.3}% 25
\BOOKMARK [2][-]{subsection.3.3.6}{\376\377\000C\000l\000a\000s\000s\000e\000\040\000S\000e\000s\000s\000i\000o\000n\000e}{section.3.3}% 26
\BOOKMARK [2][-]{subsection.3.3.7}{\376\377\000C\000l\000a\000s\000s\000e\000\040\000S\000e\000s\000s\000i\000o\000n\000e\000I\000n\000P\000r\000e\000s\000e\000n\000z\000a}{section.3.3}% 27
\BOOKMARK [2][-]{subsection.3.3.8}{\376\377\000C\000l\000a\000s\000s\000e\000\040\000S\000e\000s\000s\000i\000o\000n\000e\000O\000n\000l\000i\000n\000e}{section.3.3}% 28
\BOOKMARK [2][-]{subsection.3.3.9}{\376\377\000C\000l\000a\000s\000s\000e\000\040\000T\000o\000p\000i\000c}{section.3.3}% 29
\BOOKMARK [1][-]{section.3.4}{\376\377\000P\000a\000c\000k\000a\000g\000e\000\040\000D\000a\000o\000I\000n\000t\000e\000r\000f\000a\000c\000e}{chapter.3}% 30
\BOOKMARK [1][-]{section.3.5}{\376\377\000P\000a\000c\000k\000a\000g\000e\000\040\000D\000A\000O}{chapter.3}% 31
\BOOKMARK [2][-]{subsection.3.5.1}{\376\377\000C\000l\000a\000s\000s\000e\000\040\000C\000h\000e\000f\000D\000A\000O}{section.3.5}% 32
\BOOKMARK [2][-]{subsection.3.5.2}{\376\377\000C\000l\000a\000s\000s\000e\000\040\000C\000o\000r\000s\000o\000D\000A\000O}{section.3.5}% 33
\BOOKMARK [2][-]{subsection.3.5.3}{\376\377\000C\000l\000a\000s\000s\000e\000\040\000N\000o\000t\000i\000f\000i\000c\000a\000D\000A\000O}{section.3.5}% 34
\BOOKMARK [2][-]{subsection.3.5.4}{\376\377\000C\000l\000a\000s\000s\000e\000\040\000P\000r\000e\000p\000a\000r\000a\000D\000A\000O}{section.3.5}% 35
\BOOKMARK [2][-]{subsection.3.5.5}{\376\377\000C\000l\000a\000s\000s\000e\000\040\000R\000i\000c\000e\000t\000t\000a\000D\000A\000O}{section.3.5}% 36
\BOOKMARK [2][-]{subsection.3.5.6}{\376\377\000C\000l\000a\000s\000s\000e\000\040\000S\000e\000s\000s\000i\000o\000n\000e\000O\000n\000l\000i\000n\000e\000D\000A\000O}{section.3.5}% 37
\BOOKMARK [2][-]{subsection.3.5.7}{\376\377\000C\000l\000a\000s\000s\000e\000\040\000S\000e\000s\000s\000i\000o\000n\000e\000I\000n\000P\000r\000e\000s\000e\000n\000z\000a\000D\000A\000O}{section.3.5}% 38
\BOOKMARK [2][-]{subsection.3.5.8}{\376\377\000C\000l\000a\000s\000s\000e\000\040\000T\000o\000p\000i\000c\000D\000A\000O}{section.3.5}% 39
\BOOKMARK [1][-]{section.3.6}{\376\377\000P\000a\000c\000k\000a\000g\000e\000\040\000D\000b\000C\000o\000n\000n\000e\000c\000t\000i\000o\000n}{chapter.3}% 40
\BOOKMARK [2][-]{subsection.3.6.1}{\376\377\000C\000l\000a\000s\000s\000e\000\040\000D\000b\000C\000o\000n\000n\000e\000c\000t\000i\000o\000n}{section.3.6}% 41
\BOOKMARK [0][-]{chapter.4}{\376\377\000F\000u\000n\000z\000i\000o\000n\000a\000l\000i\000t\000\340\000\040\000e\000\040\000G\000u\000i\000d\000a\000\040\000A\000l\000l\000'\000U\000t\000e\000n\000t\000e}{}% 42
\BOOKMARK [1][-]{section.4.1}{\376\377\000L\000o\000g\000i\000n\000\040\000C\000h\000e\000f}{chapter.4}% 43
\BOOKMARK [1][-]{section.4.2}{\376\377\000H\000o\000m\000e\000p\000a\000g\000e\000\040\000C\000h\000e\000f}{chapter.4}% 44
\BOOKMARK [1][-]{section.4.3}{\376\377\000N\000u\000o\000v\000o\000\040\000C\000o\000r\000s\000o}{chapter.4}% 45
\BOOKMARK [1][-]{section.4.4}{\376\377\000I\000\040\000M\000i\000e\000i\000\040\000C\000o\000r\000s\000i}{chapter.4}% 46
\BOOKMARK [2][-]{subsection.4.4.1}{\376\377\000G\000e\000s\000t\000i\000o\000n\000e\000\040\000S\000e\000s\000s\000i\000o\000n\000i}{section.4.4}% 47
\BOOKMARK [2][-]{subsection.4.4.2}{\376\377\000I\000n\000s\000e\000r\000i\000m\000e\000n\000t\000o\000\040\000N\000u\000o\000v\000a\000\040\000S\000e\000s\000s\000i\000o\000n\000e}{section.4.4}% 48
\BOOKMARK [2][-]{subsection.4.4.3}{\376\377\000G\000e\000s\000t\000i\000o\000n\000e\000\040\000R\000i\000c\000e\000t\000t\000e}{section.4.4}% 49
\BOOKMARK [1][-]{section.4.5}{\376\377\000N\000o\000t\000i\000f\000i\000c\000h\000e}{chapter.4}% 50
\BOOKMARK [2][-]{subsection.4.5.1}{\376\377\000N\000u\000o\000v\000a\000\040\000N\000o\000t\000i\000f\000i\000c\000a}{section.4.5}% 51
\BOOKMARK [1][-]{section.4.6}{\376\377\000R\000i\000e\000p\000i\000l\000o\000g\000o\000\040\000M\000e\000n\000s\000i\000l\000e}{chapter.4}% 52
\BOOKMARK [0][-]{chapter.5}{\376\377\000R\000e\000p\000o\000s\000i\000t\000o\000r\000y\000\040\000G\000i\000t\000H\000u\000b}{}% 53
\BOOKMARK [1][-]{section.5.1}{\376\377\000C\000o\000s\000'\000\350\000\040\000u\000n\000a\000\040\000R\000e\000p\000o\000s\000i\000t\000o\000r\000y}{chapter.5}% 54
\BOOKMARK [1][-]{section.5.2}{\376\377\000A\000c\000c\000e\000s\000s\000o\000\040\000a\000l\000\040\000C\000o\000d\000i\000c\000e}{chapter.5}% 55
